<?xml version="1.0" encoding="UTF-8"?>
<!-- Generated by org.testng.reporters.JUnitReportReporter -->
<testsuite hostname="DESKTOP-852SFKL" name="com.qualitesoft.freightclub.testscripts.manageorders.TestOpenManageOrdersAndSearchOrderId" tests="1" failures="0" timestamp="23 May 2022 07:22:48 GMT" time="43.523" errors="0">
  <testcase name="testOpenManageOrdersAndSearchOrderId" time="43.523" classname="com.qualitesoft.freightclub.testscripts.manageorders.TestOpenManageOrdersAndSearchOrderId"/>
</testsuite> <!-- com.qualitesoft.freightclub.testscripts.manageorders.TestOpenManageOrdersAndSearchOrderId -->
