<?xml version="1.0" encoding="UTF-8"?>
<!-- Generated by org.testng.reporters.JUnitReportReporter -->
<testsuite hostname="DESKTOP-852SFKL" name="com.qualitesoft.freightclub.testscripts.customorders.TestCustomPopupNotPresent" tests="6" failures="0" timestamp="23 May 2022 07:22:48 GMT" time="218.510" errors="0">
  <testcase name="testCustomPopupNotPresent" time="36.063" classname="com.qualitesoft.freightclub.testscripts.customorders.TestCustomPopupNotPresent"/>
  <testcase name="testCustomPopupNotPresent" time="35.994" classname="com.qualitesoft.freightclub.testscripts.customorders.TestCustomPopupNotPresent"/>
  <testcase name="testCustomPopupNotPresent" time="36.025" classname="com.qualitesoft.freightclub.testscripts.customorders.TestCustomPopupNotPresent"/>
  <testcase name="testCustomPopupNotPresent" time="38.484" classname="com.qualitesoft.freightclub.testscripts.customorders.TestCustomPopupNotPresent"/>
  <testcase name="testCustomPopupNotPresent" time="35.973" classname="com.qualitesoft.freightclub.testscripts.customorders.TestCustomPopupNotPresent"/>
  <testcase name="testCustomPopupNotPresent" time="35.971" classname="com.qualitesoft.freightclub.testscripts.customorders.TestCustomPopupNotPresent"/>
</testsuite> <!-- com.qualitesoft.freightclub.testscripts.customorders.TestCustomPopupNotPresent -->
