<?xml version="1.0" encoding="UTF-8"?>
<!-- Generated by org.testng.reporters.JUnitReportReporter -->
<testsuite hostname="DESKTOP-852SFKL" name="com.qualitesoft.freightclub.testscripts.customorders.TestRequestCancellationAndCloneOrReQuoteButton" tests="2" failures="0" timestamp="23 May 2022 07:22:48 GMT" time="15.794" errors="0">
  <testcase name="testRequestCancellationAndCloneOrReQuoteButton" time="7.842" classname="com.qualitesoft.freightclub.testscripts.customorders.TestRequestCancellationAndCloneOrReQuoteButton"/>
  <testcase name="testRequestCancellationAndCloneOrReQuoteButton" time="7.952" classname="com.qualitesoft.freightclub.testscripts.customorders.TestRequestCancellationAndCloneOrReQuoteButton"/>
</testsuite> <!-- com.qualitesoft.freightclub.testscripts.customorders.TestRequestCancellationAndCloneOrReQuoteButton -->
