<?xml version="1.0" encoding="UTF-8"?>
<!-- Generated by org.testng.reporters.JUnitReportReporter -->
<testsuite hostname="DESKTOP-852SFKL" name="com.qualitesoft.freightclub.testscripts.EmailVerification" tests="14" failures="6" timestamp="23 May 2022 07:22:48 GMT" time="730.441" errors="1">
  <testcase name="testEmailNotifications" time="51.403" classname="com.qualitesoft.freightclub.testscripts.EmailVerification">
    <failure type="java.lang.AssertionError" message="expected [Custom Order has submitted a booked the following custom order: *Order Details:* * OrderID:* 51540116 * Customer Name: *Custom Order * Carrier Name: *FC Test Carrier * Carrier QuoteID: *222 *Shipment Detail*: Handling UnitsTotal WeightConditionDeclared ValueBags70 lbsNew$1000 *Shipment Information* Test4321 *Custom Order Details* [ ] Driver required for loading &amp; unloading [X] Regulated items that require further inspection [ ] Prohibited or restricted items [ ] Dangerous or hazardous goods [ ] Requires refrigeration *Regulatory Details.* Test4321 AutoCom90001 address line1, address line 2, LOS ANGELES, CA, 90001 9:00 AM - 4:00 PM first name last name a@gmail.com 0123456789 AutoCom10011 address line 1, address line 2, NEW YORK, NY, 10011 9:00 AM - 4:00 PM first name last name a@gmail.com 0123456789 Test4321 Please contact the carrier to complete the booking, and update the waybill and tracking information in the order details. Freight Club - Copyright 2019 ?© Freight Club 12020 Sunrise Valley Dr. # 100 Reston, Virginia, 20191 You are receiving this email because you are a customer of Freight Club Terms &amp; Conditions &lt;https://www.freightclub.com/terms-and-conditions&gt;; | Privacy Policy &lt;https://app.freightclub.com/Home/PrivacyPolicy&gt;;] but found [== == == Custom Order has submitted a custom order quote request == *Order Details:* * OrderID:*51540114 * Customer Name:*Custom Order AutoCom90001 address line1, address line 2, LOS ANGELES, CA, 90001 9:00 AM - 4:00 PM first name last name a@gmail.com 0123456789 AutoCom10011 address line 1, address line 2, NEW YORK, NY, 10011 9:00 AM - 4:00 PM first name last name a@gmail.com 0123456789 Test Regulatory Details FC Team, please review and update the quote. Freight Club - Copyright 2019 ?© Freight Club 12020 Sunrise Valley Dr. # 100 Reston, Virginia, 20191 You are receiving this email because you are a customer of Freight Club Terms &amp; Conditions &lt;https://www.freightclub.com/terms-and-conditions&gt;; | Privacy Policy &lt;https://app.freightclub.com/Home/PrivacyPolicy&gt;;]">
      <![CDATA[java.lang.AssertionError: expected [Custom Order has submitted a booked the following custom order: *Order Details:* * OrderID:* 51540116 * Customer Name: *Custom Order * Carrier Name: *FC Test Carrier * Carrier QuoteID: *222 *Shipment Detail*: Handling UnitsTotal WeightConditionDeclared ValueBags70 lbsNew$1000 *Shipment Information* Test4321 *Custom Order Details* [ ] Driver required for loading & unloading [X] Regulated items that require further inspection [ ] Prohibited or restricted items [ ] Dangerous or hazardous goods [ ] Requires refrigeration *Regulatory Details.* Test4321 AutoCom90001 address line1, address line 2, LOS ANGELES, CA, 90001 9:00 AM - 4:00 PM first name last name a@gmail.com 0123456789 AutoCom10011 address line 1, address line 2, NEW YORK, NY, 10011 9:00 AM - 4:00 PM first name last name a@gmail.com 0123456789 Test4321 Please contact the carrier to complete the booking, and update the waybill and tracking information in the order details. Freight Club - Copyright 2019 ?© Freight Club 12020 Sunrise Valley Dr. # 100 Reston, Virginia, 20191 You are receiving this email because you are a customer of Freight Club Terms & Conditions <https://www.freightclub.com/terms-and-conditions>; | Privacy Policy <https://app.freightclub.com/Home/PrivacyPolicy>;] but found [== == == Custom Order has submitted a custom order quote request == *Order Details:* * OrderID:*51540114 * Customer Name:*Custom Order AutoCom90001 address line1, address line 2, LOS ANGELES, CA, 90001 9:00 AM - 4:00 PM first name last name a@gmail.com 0123456789 AutoCom10011 address line 1, address line 2, NEW YORK, NY, 10011 9:00 AM - 4:00 PM first name last name a@gmail.com 0123456789 Test Regulatory Details FC Team, please review and update the quote. Freight Club - Copyright 2019 ?© Freight Club 12020 Sunrise Valley Dr. # 100 Reston, Virginia, 20191 You are receiving this email because you are a customer of Freight Club Terms & Conditions <https://www.freightclub.com/terms-and-conditions>; | Privacy Policy <https://app.freightclub.com/Home/PrivacyPolicy>;]
	at org.testng.Assert.fail(Assert.java:94)
	at org.testng.Assert.failNotEquals(Assert.java:513)
	at org.testng.Assert.assertEqualsImpl(Assert.java:135)
	at org.testng.Assert.assertEquals(Assert.java:116)
	at org.testng.Assert.assertEquals(Assert.java:190)
	at org.testng.Assert.assertEquals(Assert.java:200)
	at com.qualitesoft.core.UseAssert.assertEquals(UseAssert.java:8)
	at com.qualitesoft.freightclub.testscripts.EmailVerification.verifyEmailBody(EmailVerification.java:23)
	at com.qualitesoft.freightclub.testscripts.EmailVerification.testEmailNotifications(EmailVerification.java:194)
	at sun.reflect.NativeMethodAccessorImpl.invoke0(Native Method)
	at sun.reflect.NativeMethodAccessorImpl.invoke(NativeMethodAccessorImpl.java:62)
	at sun.reflect.DelegatingMethodAccessorImpl.invoke(DelegatingMethodAccessorImpl.java:43)
	at java.lang.reflect.Method.invoke(Method.java:498)
	at org.testng.internal.MethodInvocationHelper.invokeMethod(MethodInvocationHelper.java:86)
	at org.testng.internal.Invoker.invokeMethod(Invoker.java:643)
	at org.testng.internal.Invoker.invokeTestMethod(Invoker.java:820)
	at org.testng.internal.Invoker.invokeTestMethods(Invoker.java:1128)
	at org.testng.internal.TestMethodWorker.invokeTestMethods(TestMethodWorker.java:129)
	at org.testng.internal.TestMethodWorker.run(TestMethodWorker.java:112)
	at org.testng.TestRunner.privateRun(TestRunner.java:782)
	at org.testng.TestRunner.run(TestRunner.java:632)
	at org.testng.SuiteRunner.runTest(SuiteRunner.java:366)
	at org.testng.SuiteRunner.runSequentially(SuiteRunner.java:361)
	at org.testng.SuiteRunner.privateRun(SuiteRunner.java:319)
	at org.testng.SuiteRunner.run(SuiteRunner.java:268)
	at org.testng.SuiteRunnerWorker.runSuite(SuiteRunnerWorker.java:52)
	at org.testng.SuiteRunnerWorker.run(SuiteRunnerWorker.java:86)
	at org.testng.TestNG.runSuitesSequentially(TestNG.java:1244)
	at org.testng.TestNG.runSuitesLocally(TestNG.java:1169)
	at org.testng.TestNG.run(TestNG.java:1064)
	at org.testng.remote.AbstractRemoteTestNG.run(AbstractRemoteTestNG.java:115)
	at org.testng.remote.RemoteTestNG.initAndRun(RemoteTestNG.java:251)
	at org.testng.remote.RemoteTestNG.main(RemoteTestNG.java:77)
]]>
    </failure>
  </testcase> <!-- testEmailNotifications -->
  <testcase name="testEmailNotifications" time="69.349" classname="com.qualitesoft.freightclub.testscripts.EmailVerification">
    <error type="org.openqa.selenium.TimeoutException" message="Expected condition failed: waiting for presence of element located by: By.xpath: //table[@class=&#039;table-striped jambo_table&#039;]/tbody/tr (tried for 30 second(s) with 500 milliseconds interval)">
      <![CDATA[org.openqa.selenium.TimeoutException: Expected condition failed: waiting for presence of element located by: By.xpath: //table[@class='table-striped jambo_table']/tbody/tr (tried for 30 second(s) with 500 milliseconds interval)
	at org.openqa.selenium.support.ui.WebDriverWait.timeoutException(WebDriverWait.java:81)
	at org.openqa.selenium.support.ui.FluentWait.until(FluentWait.java:271)
	at com.qualitesoft.core.WaitTool.waitForElementPresentAndDisplay(WaitTool.java:22)
	at com.qualitesoft.freightclub.pageobjects.Mailinator.firstMail(Mailinator.java:34)
	at com.qualitesoft.freightclub.testscripts.EmailVerification.testEmailNotifications(EmailVerification.java:56)
	at sun.reflect.NativeMethodAccessorImpl.invoke0(Native Method)
	at sun.reflect.NativeMethodAccessorImpl.invoke(NativeMethodAccessorImpl.java:62)
	at sun.reflect.DelegatingMethodAccessorImpl.invoke(DelegatingMethodAccessorImpl.java:43)
	at java.lang.reflect.Method.invoke(Method.java:498)
	at org.testng.internal.MethodInvocationHelper.invokeMethod(MethodInvocationHelper.java:86)
	at org.testng.internal.Invoker.invokeMethod(Invoker.java:643)
	at org.testng.internal.Invoker.invokeTestMethod(Invoker.java:820)
	at org.testng.internal.Invoker.invokeTestMethods(Invoker.java:1128)
	at org.testng.internal.TestMethodWorker.invokeTestMethods(TestMethodWorker.java:129)
	at org.testng.internal.TestMethodWorker.run(TestMethodWorker.java:112)
	at org.testng.TestRunner.privateRun(TestRunner.java:782)
	at org.testng.TestRunner.run(TestRunner.java:632)
	at org.testng.SuiteRunner.runTest(SuiteRunner.java:366)
	at org.testng.SuiteRunner.runSequentially(SuiteRunner.java:361)
	at org.testng.SuiteRunner.privateRun(SuiteRunner.java:319)
	at org.testng.SuiteRunner.run(SuiteRunner.java:268)
	at org.testng.SuiteRunnerWorker.runSuite(SuiteRunnerWorker.java:52)
	at org.testng.SuiteRunnerWorker.run(SuiteRunnerWorker.java:86)
	at org.testng.TestNG.runSuitesSequentially(TestNG.java:1244)
	at org.testng.TestNG.runSuitesLocally(TestNG.java:1169)
	at org.testng.TestNG.run(TestNG.java:1064)
	at org.testng.remote.AbstractRemoteTestNG.run(AbstractRemoteTestNG.java:115)
	at org.testng.remote.RemoteTestNG.initAndRun(RemoteTestNG.java:251)
	at org.testng.remote.RemoteTestNG.main(RemoteTestNG.java:77)
Caused by: org.openqa.selenium.NoSuchElementException: Cannot locate an element using By.xpath: //table[@class='table-striped jambo_table']/tbody/tr
For documentation on this error, please visit: http://seleniumhq.org/exceptions/no_such_element.html
Build info: version: '3.11.0', revision: 'e59cfb3', time: '2018-03-11T20:33:15.31Z'
System info: host: 'DESKTOP-852SFKL', ip: '10.50.1.11', os.name: 'Windows 10', os.arch: 'amd64', os.version: '10.0', java.version: '1.8.0_202'
Driver info: driver.version: unknown
	at org.openqa.selenium.support.ui.ExpectedConditions.lambda$findElement$0(ExpectedConditions.java:896)
	at java.util.Optional.orElseThrow(Optional.java:290)
	at org.openqa.selenium.support.ui.ExpectedConditions.findElement(ExpectedConditions.java:895)
	at org.openqa.selenium.support.ui.ExpectedConditions.access$000(ExpectedConditions.java:44)
	at org.openqa.selenium.support.ui.ExpectedConditions$6.apply(ExpectedConditions.java:183)
	at org.openqa.selenium.support.ui.ExpectedConditions$6.apply(ExpectedConditions.java:180)
	at org.openqa.selenium.support.ui.FluentWait.until(FluentWait.java:248)
	... 27 more
]]>
    </error>
  </testcase> <!-- testEmailNotifications -->
  <testcase name="testEmailNotifications" time="55.718" classname="com.qualitesoft.freightclub.testscripts.EmailVerification"/>
  <testcase name="testEmailNotifications" time="48.549" classname="com.qualitesoft.freightclub.testscripts.EmailVerification"/>
  <testcase name="testEmailNotifications" time="51.888" classname="com.qualitesoft.freightclub.testscripts.EmailVerification">
    <failure type="java.lang.AssertionError" message="expected [Thank you for submitting your order, this is a confirmation of your booking. *Order Details:* * OrderID:*51540114 *Customer Name:* Custom Order * Carrier Name:* FC Test Carrier *Carrier QuoteID: *222 *Shipment Details* Package TypeQuantityWeightDimensionsCategoryConditionDeclared ValueFreight ClassProduct170 lbs11x12x13 insSafe/VaultNew$40050Box1251 lbs65x40x40 insSafe/VaultNew$100200Pallet1251 lbs65x40x40 insSafe/VaultNew$100200 *Shipment Information* Test4321 *Custom Order Details* [X] Driver required for loading &amp; unloading [ ] Regulated items that require further inspection [ ] Prohibited or restricted items [ ] Dangerous or hazardous goods [ ] Requires refrigeration *Regulatory Details.* Test4321 AutoCom90001 address line1, address line 2, LOS ANGELES, CA, 90001 9:00 AM - 4:00 PM first name last name a@gmail.com 0123456789 AutoCom10011 address line 1, address line 2, NEW YORK, NY, 10011 9:00 AM - 4:00 PM first name last name a@gmail.com 0123456789 Test4321 Please note that labels and bills of lading for custom orders are not available through the application. We will be reaching out to you with a carrier bill of lading to use with your shipment. If you have questions or would like to chat with a representative to discuss alternate options please contact our support team. Thanks again for choosing Freight Club and have a great day! Kind Regards, Customer Support 1-844-819-2187 info@freightclub.com &lt;mailto:info@freightclub.com&gt;] but found [== Custom Order has submitted a custom order quote request == == *Order Details:* * OrderID:*51540114 *Customer Name:* Custom Order | 8153 *Shipment Details:* Package TypeQuantityWeightDimensionsCategoryConditionDeclared ValueFreight ClassBox1251 lbs65x40x40 insSafe/VaultNew$100200Product170 lbs11x12x13 insSafe/VaultNew$40050Pallet1251 lbs65x40x40 insSafe/VaultNew$100200 *Shipment Information* Test Delivery Frequency Test Regulatory Details *Pick-up Details: * AutoCom90001 address line1, address line 2, LOS ANGELES, CA, 90001 9:00 AM - 4:00 PM first name last name a@gmail.com 0123456789* Drop-off Details: * AutoCom10011 address line 1, address line 2, NEW YORK, NY, 10011 9:00 AM - 4:00 PM first name last name a@gmail.com 0123456789 *Additional Information:* *Custom Order Details* [X] Driver required for loading &amp; unloading [ ] Regulated items that require further inspection [ ] Prohibited or restricted items [ ] Dangerous or hazardous goods [ ] Requires refrigeration *Regulatory Details.* Test Regulatory Details == == Freight Club - Copyright 2019 ?© Freight Club 12020 Sunrise Valley Dr. # 100 Reston, Virginia, 20191 You are receiving this email because you are a customer of Freight Club Terms &amp; Conditions &lt;https://www.freightclub.com/terms-and-conditions&gt;; | Privacy Policy &lt;https://app.freightclub.com/Home/PrivacyPolicy&gt;; ==]">
      <![CDATA[java.lang.AssertionError: expected [Thank you for submitting your order, this is a confirmation of your booking. *Order Details:* * OrderID:*51540114 *Customer Name:* Custom Order * Carrier Name:* FC Test Carrier *Carrier QuoteID: *222 *Shipment Details* Package TypeQuantityWeightDimensionsCategoryConditionDeclared ValueFreight ClassProduct170 lbs11x12x13 insSafe/VaultNew$40050Box1251 lbs65x40x40 insSafe/VaultNew$100200Pallet1251 lbs65x40x40 insSafe/VaultNew$100200 *Shipment Information* Test4321 *Custom Order Details* [X] Driver required for loading & unloading [ ] Regulated items that require further inspection [ ] Prohibited or restricted items [ ] Dangerous or hazardous goods [ ] Requires refrigeration *Regulatory Details.* Test4321 AutoCom90001 address line1, address line 2, LOS ANGELES, CA, 90001 9:00 AM - 4:00 PM first name last name a@gmail.com 0123456789 AutoCom10011 address line 1, address line 2, NEW YORK, NY, 10011 9:00 AM - 4:00 PM first name last name a@gmail.com 0123456789 Test4321 Please note that labels and bills of lading for custom orders are not available through the application. We will be reaching out to you with a carrier bill of lading to use with your shipment. If you have questions or would like to chat with a representative to discuss alternate options please contact our support team. Thanks again for choosing Freight Club and have a great day! Kind Regards, Customer Support 1-844-819-2187 info@freightclub.com <mailto:info@freightclub.com>] but found [== Custom Order has submitted a custom order quote request == == *Order Details:* * OrderID:*51540114 *Customer Name:* Custom Order | 8153 *Shipment Details:* Package TypeQuantityWeightDimensionsCategoryConditionDeclared ValueFreight ClassBox1251 lbs65x40x40 insSafe/VaultNew$100200Product170 lbs11x12x13 insSafe/VaultNew$40050Pallet1251 lbs65x40x40 insSafe/VaultNew$100200 *Shipment Information* Test Delivery Frequency Test Regulatory Details *Pick-up Details: * AutoCom90001 address line1, address line 2, LOS ANGELES, CA, 90001 9:00 AM - 4:00 PM first name last name a@gmail.com 0123456789* Drop-off Details: * AutoCom10011 address line 1, address line 2, NEW YORK, NY, 10011 9:00 AM - 4:00 PM first name last name a@gmail.com 0123456789 *Additional Information:* *Custom Order Details* [X] Driver required for loading & unloading [ ] Regulated items that require further inspection [ ] Prohibited or restricted items [ ] Dangerous or hazardous goods [ ] Requires refrigeration *Regulatory Details.* Test Regulatory Details == == Freight Club - Copyright 2019 ?© Freight Club 12020 Sunrise Valley Dr. # 100 Reston, Virginia, 20191 You are receiving this email because you are a customer of Freight Club Terms & Conditions <https://www.freightclub.com/terms-and-conditions>; | Privacy Policy <https://app.freightclub.com/Home/PrivacyPolicy>; ==]
	at org.testng.Assert.fail(Assert.java:94)
	at org.testng.Assert.failNotEquals(Assert.java:513)
	at org.testng.Assert.assertEqualsImpl(Assert.java:135)
	at org.testng.Assert.assertEquals(Assert.java:116)
	at org.testng.Assert.assertEquals(Assert.java:190)
	at org.testng.Assert.assertEquals(Assert.java:200)
	at com.qualitesoft.core.UseAssert.assertEquals(UseAssert.java:8)
	at com.qualitesoft.freightclub.testscripts.EmailVerification.verifyEmailBody(EmailVerification.java:23)
	at com.qualitesoft.freightclub.testscripts.EmailVerification.testEmailNotifications(EmailVerification.java:194)
	at sun.reflect.NativeMethodAccessorImpl.invoke0(Native Method)
	at sun.reflect.NativeMethodAccessorImpl.invoke(NativeMethodAccessorImpl.java:62)
	at sun.reflect.DelegatingMethodAccessorImpl.invoke(DelegatingMethodAccessorImpl.java:43)
	at java.lang.reflect.Method.invoke(Method.java:498)
	at org.testng.internal.MethodInvocationHelper.invokeMethod(MethodInvocationHelper.java:86)
	at org.testng.internal.Invoker.invokeMethod(Invoker.java:643)
	at org.testng.internal.Invoker.retryFailed(Invoker.java:967)
	at org.testng.internal.Invoker.invokeTestMethods(Invoker.java:1146)
	at org.testng.internal.TestMethodWorker.invokeTestMethods(TestMethodWorker.java:129)
	at org.testng.internal.TestMethodWorker.run(TestMethodWorker.java:112)
	at org.testng.TestRunner.privateRun(TestRunner.java:782)
	at org.testng.TestRunner.run(TestRunner.java:632)
	at org.testng.SuiteRunner.runTest(SuiteRunner.java:366)
	at org.testng.SuiteRunner.runSequentially(SuiteRunner.java:361)
	at org.testng.SuiteRunner.privateRun(SuiteRunner.java:319)
	at org.testng.SuiteRunner.run(SuiteRunner.java:268)
	at org.testng.SuiteRunnerWorker.runSuite(SuiteRunnerWorker.java:52)
	at org.testng.SuiteRunnerWorker.run(SuiteRunnerWorker.java:86)
	at org.testng.TestNG.runSuitesSequentially(TestNG.java:1244)
	at org.testng.TestNG.runSuitesLocally(TestNG.java:1169)
	at org.testng.TestNG.run(TestNG.java:1064)
	at org.testng.remote.AbstractRemoteTestNG.run(AbstractRemoteTestNG.java:115)
	at org.testng.remote.RemoteTestNG.initAndRun(RemoteTestNG.java:251)
	at org.testng.remote.RemoteTestNG.main(RemoteTestNG.java:77)
]]>
    </failure>
  </testcase> <!-- testEmailNotifications -->
  <testcase name="testEmailNotifications" time="52.940" classname="com.qualitesoft.freightclub.testscripts.EmailVerification">
    <failure type="java.lang.AssertionError" message="expected [== Custom Order has submitted a custom order quote request == == *Order Details:* * OrderID:*51540115 *Customer Name:* Custom Order | 8153 *Shipment Details:* Handling UnitsTotal WeightConditionDeclared ValueBags70 lbsNew$1000 *Shipment Information* Test1234 Test1234 *Pick-up Details: * AutoCom90001 address line1, address line 2, LOS ANGELES, CA, 90001 9:00 AM - 4:00 PM first name last name a@gmail.com 0123456789* Drop-off Details: * AutoCom10011 address line 1, address line 2, NEW YORK, NY, 10011 9:00 AM - 4:00 PM first name last name a@gmail.com 0123456789 *Additional Information:* *Custom Order Details* [ ] Driver required for loading &amp; unloading [X] Regulated items that require further inspection [ ] Prohibited or restricted items [ ] Dangerous or hazardous goods [ ] Requires refrigeration *Regulatory Details.* Test1234 == == Freight Club - Copyright 2019 ?© Freight Club 12020 Sunrise Valley Dr. # 100 Reston, Virginia, 20191 You are receiving this email because you are a customer of Freight Club Terms &amp; Conditions &lt;https://www.freightclub.com/terms-and-conditions&gt;; | Privacy Policy &lt;https://app.freightclub.com/Home/PrivacyPolicy&gt;; ==] but found [== Custom Order has submitted a custom order quote request == == *Order Details:* * OrderID:*51540114 *Customer Name:* Custom Order | 8153 *Shipment Details:* Package TypeQuantityWeightDimensionsCategoryConditionDeclared ValueFreight ClassBox1251 lbs65x40x40 insSafe/VaultNew$100200Product170 lbs11x12x13 insSafe/VaultNew$40050Pallet1251 lbs65x40x40 insSafe/VaultNew$100200 *Shipment Information* Test Delivery Frequency Test Regulatory Details *Pick-up Details: * AutoCom90001 address line1, address line 2, LOS ANGELES, CA, 90001 9:00 AM - 4:00 PM first name last name a@gmail.com 0123456789* Drop-off Details: * AutoCom10011 address line 1, address line 2, NEW YORK, NY, 10011 9:00 AM - 4:00 PM first name last name a@gmail.com 0123456789 *Additional Information:* *Custom Order Details* [X] Driver required for loading &amp; unloading [ ] Regulated items that require further inspection [ ] Prohibited or restricted items [ ] Dangerous or hazardous goods [ ] Requires refrigeration *Regulatory Details.* Test Regulatory Details == == Freight Club - Copyright 2019 ?© Freight Club 12020 Sunrise Valley Dr. # 100 Reston, Virginia, 20191 You are receiving this email because you are a customer of Freight Club Terms &amp; Conditions &lt;https://www.freightclub.com/terms-and-conditions&gt;; | Privacy Policy &lt;https://app.freightclub.com/Home/PrivacyPolicy&gt;; ==]">
      <![CDATA[java.lang.AssertionError: expected [== Custom Order has submitted a custom order quote request == == *Order Details:* * OrderID:*51540115 *Customer Name:* Custom Order | 8153 *Shipment Details:* Handling UnitsTotal WeightConditionDeclared ValueBags70 lbsNew$1000 *Shipment Information* Test1234 Test1234 *Pick-up Details: * AutoCom90001 address line1, address line 2, LOS ANGELES, CA, 90001 9:00 AM - 4:00 PM first name last name a@gmail.com 0123456789* Drop-off Details: * AutoCom10011 address line 1, address line 2, NEW YORK, NY, 10011 9:00 AM - 4:00 PM first name last name a@gmail.com 0123456789 *Additional Information:* *Custom Order Details* [ ] Driver required for loading & unloading [X] Regulated items that require further inspection [ ] Prohibited or restricted items [ ] Dangerous or hazardous goods [ ] Requires refrigeration *Regulatory Details.* Test1234 == == Freight Club - Copyright 2019 ?© Freight Club 12020 Sunrise Valley Dr. # 100 Reston, Virginia, 20191 You are receiving this email because you are a customer of Freight Club Terms & Conditions <https://www.freightclub.com/terms-and-conditions>; | Privacy Policy <https://app.freightclub.com/Home/PrivacyPolicy>; ==] but found [== Custom Order has submitted a custom order quote request == == *Order Details:* * OrderID:*51540114 *Customer Name:* Custom Order | 8153 *Shipment Details:* Package TypeQuantityWeightDimensionsCategoryConditionDeclared ValueFreight ClassBox1251 lbs65x40x40 insSafe/VaultNew$100200Product170 lbs11x12x13 insSafe/VaultNew$40050Pallet1251 lbs65x40x40 insSafe/VaultNew$100200 *Shipment Information* Test Delivery Frequency Test Regulatory Details *Pick-up Details: * AutoCom90001 address line1, address line 2, LOS ANGELES, CA, 90001 9:00 AM - 4:00 PM first name last name a@gmail.com 0123456789* Drop-off Details: * AutoCom10011 address line 1, address line 2, NEW YORK, NY, 10011 9:00 AM - 4:00 PM first name last name a@gmail.com 0123456789 *Additional Information:* *Custom Order Details* [X] Driver required for loading & unloading [ ] Regulated items that require further inspection [ ] Prohibited or restricted items [ ] Dangerous or hazardous goods [ ] Requires refrigeration *Regulatory Details.* Test Regulatory Details == == Freight Club - Copyright 2019 ?© Freight Club 12020 Sunrise Valley Dr. # 100 Reston, Virginia, 20191 You are receiving this email because you are a customer of Freight Club Terms & Conditions <https://www.freightclub.com/terms-and-conditions>; | Privacy Policy <https://app.freightclub.com/Home/PrivacyPolicy>; ==]
	at org.testng.Assert.fail(Assert.java:94)
	at org.testng.Assert.failNotEquals(Assert.java:513)
	at org.testng.Assert.assertEqualsImpl(Assert.java:135)
	at org.testng.Assert.assertEquals(Assert.java:116)
	at org.testng.Assert.assertEquals(Assert.java:190)
	at org.testng.Assert.assertEquals(Assert.java:200)
	at com.qualitesoft.core.UseAssert.assertEquals(UseAssert.java:8)
	at com.qualitesoft.freightclub.testscripts.EmailVerification.verifyEmailBody(EmailVerification.java:23)
	at com.qualitesoft.freightclub.testscripts.EmailVerification.testEmailNotifications(EmailVerification.java:194)
	at sun.reflect.NativeMethodAccessorImpl.invoke0(Native Method)
	at sun.reflect.NativeMethodAccessorImpl.invoke(NativeMethodAccessorImpl.java:62)
	at sun.reflect.DelegatingMethodAccessorImpl.invoke(DelegatingMethodAccessorImpl.java:43)
	at java.lang.reflect.Method.invoke(Method.java:498)
	at org.testng.internal.MethodInvocationHelper.invokeMethod(MethodInvocationHelper.java:86)
	at org.testng.internal.Invoker.invokeMethod(Invoker.java:643)
	at org.testng.internal.Invoker.invokeTestMethod(Invoker.java:820)
	at org.testng.internal.Invoker.invokeTestMethods(Invoker.java:1128)
	at org.testng.internal.TestMethodWorker.invokeTestMethods(TestMethodWorker.java:129)
	at org.testng.internal.TestMethodWorker.run(TestMethodWorker.java:112)
	at org.testng.TestRunner.privateRun(TestRunner.java:782)
	at org.testng.TestRunner.run(TestRunner.java:632)
	at org.testng.SuiteRunner.runTest(SuiteRunner.java:366)
	at org.testng.SuiteRunner.runSequentially(SuiteRunner.java:361)
	at org.testng.SuiteRunner.privateRun(SuiteRunner.java:319)
	at org.testng.SuiteRunner.run(SuiteRunner.java:268)
	at org.testng.SuiteRunnerWorker.runSuite(SuiteRunnerWorker.java:52)
	at org.testng.SuiteRunnerWorker.run(SuiteRunnerWorker.java:86)
	at org.testng.TestNG.runSuitesSequentially(TestNG.java:1244)
	at org.testng.TestNG.runSuitesLocally(TestNG.java:1169)
	at org.testng.TestNG.run(TestNG.java:1064)
	at org.testng.remote.AbstractRemoteTestNG.run(AbstractRemoteTestNG.java:115)
	at org.testng.remote.RemoteTestNG.initAndRun(RemoteTestNG.java:251)
	at org.testng.remote.RemoteTestNG.main(RemoteTestNG.java:77)
]]>
    </failure>
  </testcase> <!-- testEmailNotifications -->
  <testcase name="testEmailNotifications" time="48.898" classname="com.qualitesoft.freightclub.testscripts.EmailVerification">
    <failure type="java.lang.AssertionError" message="expected [Custom Order has submitted a booked the following custom order: *Order Details:* * OrderID:* 51540115 * Customer Name: *Custom Order * Carrier Name: *Estes Express Lines * Carrier QuoteID: *102 *Shipment Detail*: Handling UnitsTotal WeightConditionDeclared ValueFull Truckload70 lbsNew$1000 *Shipment Information* Test4321 *Custom Order Details* [X] Driver required for loading &amp; unloading [ ] Regulated items that require further inspection [ ] Prohibited or restricted items [ ] Dangerous or hazardous goods [ ] Requires refrigeration *Regulatory Details.* Test4321 AutoCom90001 address line1, address line 2, LOS ANGELES, CA, 90001 9:00 AM - 4:00 PM first name last name a@gmail.com 0123456789 AutoCom10011 address line 1, address line 2, NEW YORK, NY, 10011 9:00 AM - 4:00 PM first name last name a@gmail.com 0123456789 Test4321 Please contact the carrier to complete the booking, and update the waybill and tracking information in the order details. Freight Club - Copyright 2019 ?© Freight Club 12020 Sunrise Valley Dr. # 100 Reston, Virginia, 20191 You are receiving this email because you are a customer of Freight Club Terms &amp; Conditions &lt;https://www.freightclub.com/terms-and-conditions&gt;; | Privacy Policy &lt;https://app.freightclub.com/Home/PrivacyPolicy&gt;;] but found [== == == Custom Order has submitted a custom order quote request == *Order Details:* * OrderID:*51540114 * Customer Name:*Custom Order AutoCom90001 address line1, address line 2, LOS ANGELES, CA, 90001 9:00 AM - 4:00 PM first name last name a@gmail.com 0123456789 AutoCom10011 address line 1, address line 2, NEW YORK, NY, 10011 9:00 AM - 4:00 PM first name last name a@gmail.com 0123456789 Test Regulatory Details FC Team, please review and update the quote. Freight Club - Copyright 2019 ?© Freight Club 12020 Sunrise Valley Dr. # 100 Reston, Virginia, 20191 You are receiving this email because you are a customer of Freight Club Terms &amp; Conditions &lt;https://www.freightclub.com/terms-and-conditions&gt;; | Privacy Policy &lt;https://app.freightclub.com/Home/PrivacyPolicy&gt;;]">
      <![CDATA[java.lang.AssertionError: expected [Custom Order has submitted a booked the following custom order: *Order Details:* * OrderID:* 51540115 * Customer Name: *Custom Order * Carrier Name: *Estes Express Lines * Carrier QuoteID: *102 *Shipment Detail*: Handling UnitsTotal WeightConditionDeclared ValueFull Truckload70 lbsNew$1000 *Shipment Information* Test4321 *Custom Order Details* [X] Driver required for loading & unloading [ ] Regulated items that require further inspection [ ] Prohibited or restricted items [ ] Dangerous or hazardous goods [ ] Requires refrigeration *Regulatory Details.* Test4321 AutoCom90001 address line1, address line 2, LOS ANGELES, CA, 90001 9:00 AM - 4:00 PM first name last name a@gmail.com 0123456789 AutoCom10011 address line 1, address line 2, NEW YORK, NY, 10011 9:00 AM - 4:00 PM first name last name a@gmail.com 0123456789 Test4321 Please contact the carrier to complete the booking, and update the waybill and tracking information in the order details. Freight Club - Copyright 2019 ?© Freight Club 12020 Sunrise Valley Dr. # 100 Reston, Virginia, 20191 You are receiving this email because you are a customer of Freight Club Terms & Conditions <https://www.freightclub.com/terms-and-conditions>; | Privacy Policy <https://app.freightclub.com/Home/PrivacyPolicy>;] but found [== == == Custom Order has submitted a custom order quote request == *Order Details:* * OrderID:*51540114 * Customer Name:*Custom Order AutoCom90001 address line1, address line 2, LOS ANGELES, CA, 90001 9:00 AM - 4:00 PM first name last name a@gmail.com 0123456789 AutoCom10011 address line 1, address line 2, NEW YORK, NY, 10011 9:00 AM - 4:00 PM first name last name a@gmail.com 0123456789 Test Regulatory Details FC Team, please review and update the quote. Freight Club - Copyright 2019 ?© Freight Club 12020 Sunrise Valley Dr. # 100 Reston, Virginia, 20191 You are receiving this email because you are a customer of Freight Club Terms & Conditions <https://www.freightclub.com/terms-and-conditions>; | Privacy Policy <https://app.freightclub.com/Home/PrivacyPolicy>;]
	at org.testng.Assert.fail(Assert.java:94)
	at org.testng.Assert.failNotEquals(Assert.java:513)
	at org.testng.Assert.assertEqualsImpl(Assert.java:135)
	at org.testng.Assert.assertEquals(Assert.java:116)
	at org.testng.Assert.assertEquals(Assert.java:190)
	at org.testng.Assert.assertEquals(Assert.java:200)
	at com.qualitesoft.core.UseAssert.assertEquals(UseAssert.java:8)
	at com.qualitesoft.freightclub.testscripts.EmailVerification.verifyEmailBody(EmailVerification.java:23)
	at com.qualitesoft.freightclub.testscripts.EmailVerification.testEmailNotifications(EmailVerification.java:194)
	at sun.reflect.NativeMethodAccessorImpl.invoke0(Native Method)
	at sun.reflect.NativeMethodAccessorImpl.invoke(NativeMethodAccessorImpl.java:62)
	at sun.reflect.DelegatingMethodAccessorImpl.invoke(DelegatingMethodAccessorImpl.java:43)
	at java.lang.reflect.Method.invoke(Method.java:498)
	at org.testng.internal.MethodInvocationHelper.invokeMethod(MethodInvocationHelper.java:86)
	at org.testng.internal.Invoker.invokeMethod(Invoker.java:643)
	at org.testng.internal.Invoker.invokeTestMethod(Invoker.java:820)
	at org.testng.internal.Invoker.invokeTestMethods(Invoker.java:1128)
	at org.testng.internal.TestMethodWorker.invokeTestMethods(TestMethodWorker.java:129)
	at org.testng.internal.TestMethodWorker.run(TestMethodWorker.java:112)
	at org.testng.TestRunner.privateRun(TestRunner.java:782)
	at org.testng.TestRunner.run(TestRunner.java:632)
	at org.testng.SuiteRunner.runTest(SuiteRunner.java:366)
	at org.testng.SuiteRunner.runSequentially(SuiteRunner.java:361)
	at org.testng.SuiteRunner.privateRun(SuiteRunner.java:319)
	at org.testng.SuiteRunner.run(SuiteRunner.java:268)
	at org.testng.SuiteRunnerWorker.runSuite(SuiteRunnerWorker.java:52)
	at org.testng.SuiteRunnerWorker.run(SuiteRunnerWorker.java:86)
	at org.testng.TestNG.runSuitesSequentially(TestNG.java:1244)
	at org.testng.TestNG.runSuitesLocally(TestNG.java:1169)
	at org.testng.TestNG.run(TestNG.java:1064)
	at org.testng.remote.AbstractRemoteTestNG.run(AbstractRemoteTestNG.java:115)
	at org.testng.remote.RemoteTestNG.initAndRun(RemoteTestNG.java:251)
	at org.testng.remote.RemoteTestNG.main(RemoteTestNG.java:77)
]]>
    </failure>
  </testcase> <!-- testEmailNotifications -->
  <testcase name="testEmailNotifications" time="49.688" classname="com.qualitesoft.freightclub.testscripts.EmailVerification"/>
  <testcase name="testEmailNotifications" time="51.553" classname="com.qualitesoft.freightclub.testscripts.EmailVerification">
    <failure type="java.lang.AssertionError" message="expected [Thank you for submitting your order, this is a confirmation of your booking. *Order Details:* * OrderID:*51540115 *Customer Name:* Custom Order * Carrier Name:* Estes Express Lines *Carrier QuoteID: *102 *Shipment Details* Handling UnitsTotal WeightConditionDeclared ValueFull Truckload70 lbsNew$1000 *Shipment Information* Test4321 *Custom Order Details* [X] Driver required for loading &amp; unloading [ ] Regulated items that require further inspection [ ] Prohibited or restricted items [ ] Dangerous or hazardous goods [ ] Requires refrigeration *Regulatory Details.* Test4321 AutoCom90001 address line1, address line 2, LOS ANGELES, CA, 90001 9:00 AM - 4:00 PM first name last name a@gmail.com 0123456789 AutoCom10011 address line 1, address line 2, NEW YORK, NY, 10011 9:00 AM - 4:00 PM first name last name a@gmail.com 0123456789 Test4321 Please note that labels and bills of lading for custom orders are not available through the application. We will be reaching out to you with a carrier bill of lading to use with your shipment. If you have questions or would like to chat with a representative to discuss alternate options please contact our support team. Thanks again for choosing Freight Club and have a great day! Kind Regards, Customer Support 1-844-819-2187 info@freightclub.com &lt;mailto:info@freightclub.com&gt;] but found [== Custom Order has submitted a custom order quote request == == *Order Details:* * OrderID:*51540114 *Customer Name:* Custom Order | 8153 *Shipment Details:* Package TypeQuantityWeightDimensionsCategoryConditionDeclared ValueFreight ClassBox1251 lbs65x40x40 insSafe/VaultNew$100200Product170 lbs11x12x13 insSafe/VaultNew$40050Pallet1251 lbs65x40x40 insSafe/VaultNew$100200 *Shipment Information* Test Delivery Frequency Test Regulatory Details *Pick-up Details: * AutoCom90001 address line1, address line 2, LOS ANGELES, CA, 90001 9:00 AM - 4:00 PM first name last name a@gmail.com 0123456789* Drop-off Details: * AutoCom10011 address line 1, address line 2, NEW YORK, NY, 10011 9:00 AM - 4:00 PM first name last name a@gmail.com 0123456789 *Additional Information:* *Custom Order Details* [X] Driver required for loading &amp; unloading [ ] Regulated items that require further inspection [ ] Prohibited or restricted items [ ] Dangerous or hazardous goods [ ] Requires refrigeration *Regulatory Details.* Test Regulatory Details == == Freight Club - Copyright 2019 ?© Freight Club 12020 Sunrise Valley Dr. # 100 Reston, Virginia, 20191 You are receiving this email because you are a customer of Freight Club Terms &amp; Conditions &lt;https://www.freightclub.com/terms-and-conditions&gt;; | Privacy Policy &lt;https://app.freightclub.com/Home/PrivacyPolicy&gt;; ==]">
      <![CDATA[java.lang.AssertionError: expected [Thank you for submitting your order, this is a confirmation of your booking. *Order Details:* * OrderID:*51540115 *Customer Name:* Custom Order * Carrier Name:* Estes Express Lines *Carrier QuoteID: *102 *Shipment Details* Handling UnitsTotal WeightConditionDeclared ValueFull Truckload70 lbsNew$1000 *Shipment Information* Test4321 *Custom Order Details* [X] Driver required for loading & unloading [ ] Regulated items that require further inspection [ ] Prohibited or restricted items [ ] Dangerous or hazardous goods [ ] Requires refrigeration *Regulatory Details.* Test4321 AutoCom90001 address line1, address line 2, LOS ANGELES, CA, 90001 9:00 AM - 4:00 PM first name last name a@gmail.com 0123456789 AutoCom10011 address line 1, address line 2, NEW YORK, NY, 10011 9:00 AM - 4:00 PM first name last name a@gmail.com 0123456789 Test4321 Please note that labels and bills of lading for custom orders are not available through the application. We will be reaching out to you with a carrier bill of lading to use with your shipment. If you have questions or would like to chat with a representative to discuss alternate options please contact our support team. Thanks again for choosing Freight Club and have a great day! Kind Regards, Customer Support 1-844-819-2187 info@freightclub.com <mailto:info@freightclub.com>] but found [== Custom Order has submitted a custom order quote request == == *Order Details:* * OrderID:*51540114 *Customer Name:* Custom Order | 8153 *Shipment Details:* Package TypeQuantityWeightDimensionsCategoryConditionDeclared ValueFreight ClassBox1251 lbs65x40x40 insSafe/VaultNew$100200Product170 lbs11x12x13 insSafe/VaultNew$40050Pallet1251 lbs65x40x40 insSafe/VaultNew$100200 *Shipment Information* Test Delivery Frequency Test Regulatory Details *Pick-up Details: * AutoCom90001 address line1, address line 2, LOS ANGELES, CA, 90001 9:00 AM - 4:00 PM first name last name a@gmail.com 0123456789* Drop-off Details: * AutoCom10011 address line 1, address line 2, NEW YORK, NY, 10011 9:00 AM - 4:00 PM first name last name a@gmail.com 0123456789 *Additional Information:* *Custom Order Details* [X] Driver required for loading & unloading [ ] Regulated items that require further inspection [ ] Prohibited or restricted items [ ] Dangerous or hazardous goods [ ] Requires refrigeration *Regulatory Details.* Test Regulatory Details == == Freight Club - Copyright 2019 ?© Freight Club 12020 Sunrise Valley Dr. # 100 Reston, Virginia, 20191 You are receiving this email because you are a customer of Freight Club Terms & Conditions <https://www.freightclub.com/terms-and-conditions>; | Privacy Policy <https://app.freightclub.com/Home/PrivacyPolicy>; ==]
	at org.testng.Assert.fail(Assert.java:94)
	at org.testng.Assert.failNotEquals(Assert.java:513)
	at org.testng.Assert.assertEqualsImpl(Assert.java:135)
	at org.testng.Assert.assertEquals(Assert.java:116)
	at org.testng.Assert.assertEquals(Assert.java:190)
	at org.testng.Assert.assertEquals(Assert.java:200)
	at com.qualitesoft.core.UseAssert.assertEquals(UseAssert.java:8)
	at com.qualitesoft.freightclub.testscripts.EmailVerification.verifyEmailBody(EmailVerification.java:23)
	at com.qualitesoft.freightclub.testscripts.EmailVerification.testEmailNotifications(EmailVerification.java:194)
	at sun.reflect.NativeMethodAccessorImpl.invoke0(Native Method)
	at sun.reflect.NativeMethodAccessorImpl.invoke(NativeMethodAccessorImpl.java:62)
	at sun.reflect.DelegatingMethodAccessorImpl.invoke(DelegatingMethodAccessorImpl.java:43)
	at java.lang.reflect.Method.invoke(Method.java:498)
	at org.testng.internal.MethodInvocationHelper.invokeMethod(MethodInvocationHelper.java:86)
	at org.testng.internal.Invoker.invokeMethod(Invoker.java:643)
	at org.testng.internal.Invoker.invokeTestMethod(Invoker.java:820)
	at org.testng.internal.Invoker.invokeTestMethods(Invoker.java:1128)
	at org.testng.internal.TestMethodWorker.invokeTestMethods(TestMethodWorker.java:129)
	at org.testng.internal.TestMethodWorker.run(TestMethodWorker.java:112)
	at org.testng.TestRunner.privateRun(TestRunner.java:782)
	at org.testng.TestRunner.run(TestRunner.java:632)
	at org.testng.SuiteRunner.runTest(SuiteRunner.java:366)
	at org.testng.SuiteRunner.runSequentially(SuiteRunner.java:361)
	at org.testng.SuiteRunner.privateRun(SuiteRunner.java:319)
	at org.testng.SuiteRunner.run(SuiteRunner.java:268)
	at org.testng.SuiteRunnerWorker.runSuite(SuiteRunnerWorker.java:52)
	at org.testng.SuiteRunnerWorker.run(SuiteRunnerWorker.java:86)
	at org.testng.TestNG.runSuitesSequentially(TestNG.java:1244)
	at org.testng.TestNG.runSuitesLocally(TestNG.java:1169)
	at org.testng.TestNG.run(TestNG.java:1064)
	at org.testng.remote.AbstractRemoteTestNG.run(AbstractRemoteTestNG.java:115)
	at org.testng.remote.RemoteTestNG.initAndRun(RemoteTestNG.java:251)
	at org.testng.remote.RemoteTestNG.main(RemoteTestNG.java:77)
]]>
    </failure>
  </testcase> <!-- testEmailNotifications -->
  <testcase name="testEmailNotifications" time="48.816" classname="com.qualitesoft.freightclub.testscripts.EmailVerification"/>
  <testcase name="testEmailNotifications" time="49.816" classname="com.qualitesoft.freightclub.testscripts.EmailVerification"/>
  <testcase name="testEmailNotifications" time="52.174" classname="com.qualitesoft.freightclub.testscripts.EmailVerification">
    <failure type="java.lang.AssertionError" message="expected [Thank you for submitting your order, this is a confirmation of your booking. *Order Details:* * OrderID:*51540116 *Customer Name:* Custom Order * Carrier Name:* FC Test Carrier *Carrier QuoteID: *222 *Shipment Details* Handling UnitsTotal WeightConditionDeclared ValueBags70 lbsNew$1000 *Shipment Information* Test4321 *Custom Order Details* [ ] Driver required for loading &amp; unloading [X] Regulated items that require further inspection [ ] Prohibited or restricted items [ ] Dangerous or hazardous goods [ ] Requires refrigeration *Regulatory Details.* Test4321 AutoCom90001 address line1, address line 2, LOS ANGELES, CA, 90001 9:00 AM - 4:00 PM first name last name a@gmail.com 0123456789 AutoCom10011 address line 1, address line 2, NEW YORK, NY, 10011 9:00 AM - 4:00 PM first name last name a@gmail.com 0123456789 Test4321 Please note that labels and bills of lading for custom orders are not available through the application. We will be reaching out to you with a carrier bill of lading to use with your shipment. If you have questions or would like to chat with a representative to discuss alternate options please contact our support team. Thanks again for choosing Freight Club and have a great day! Kind Regards, Customer Support 1-844-819-2187 info@freightclub.com &lt;mailto:info@freightclub.com&gt;] but found [== Custom Order has submitted a custom order quote request == == *Order Details:* * OrderID:*51540114 *Customer Name:* Custom Order | 8153 *Shipment Details:* Package TypeQuantityWeightDimensionsCategoryConditionDeclared ValueFreight ClassBox1251 lbs65x40x40 insSafe/VaultNew$100200Product170 lbs11x12x13 insSafe/VaultNew$40050Pallet1251 lbs65x40x40 insSafe/VaultNew$100200 *Shipment Information* Test Delivery Frequency Test Regulatory Details *Pick-up Details: * AutoCom90001 address line1, address line 2, LOS ANGELES, CA, 90001 9:00 AM - 4:00 PM first name last name a@gmail.com 0123456789* Drop-off Details: * AutoCom10011 address line 1, address line 2, NEW YORK, NY, 10011 9:00 AM - 4:00 PM first name last name a@gmail.com 0123456789 *Additional Information:* *Custom Order Details* [X] Driver required for loading &amp; unloading [ ] Regulated items that require further inspection [ ] Prohibited or restricted items [ ] Dangerous or hazardous goods [ ] Requires refrigeration *Regulatory Details.* Test Regulatory Details == == Freight Club - Copyright 2019 ?© Freight Club 12020 Sunrise Valley Dr. # 100 Reston, Virginia, 20191 You are receiving this email because you are a customer of Freight Club Terms &amp; Conditions &lt;https://www.freightclub.com/terms-and-conditions&gt;; | Privacy Policy &lt;https://app.freightclub.com/Home/PrivacyPolicy&gt;; ==]">
      <![CDATA[java.lang.AssertionError: expected [Thank you for submitting your order, this is a confirmation of your booking. *Order Details:* * OrderID:*51540116 *Customer Name:* Custom Order * Carrier Name:* FC Test Carrier *Carrier QuoteID: *222 *Shipment Details* Handling UnitsTotal WeightConditionDeclared ValueBags70 lbsNew$1000 *Shipment Information* Test4321 *Custom Order Details* [ ] Driver required for loading & unloading [X] Regulated items that require further inspection [ ] Prohibited or restricted items [ ] Dangerous or hazardous goods [ ] Requires refrigeration *Regulatory Details.* Test4321 AutoCom90001 address line1, address line 2, LOS ANGELES, CA, 90001 9:00 AM - 4:00 PM first name last name a@gmail.com 0123456789 AutoCom10011 address line 1, address line 2, NEW YORK, NY, 10011 9:00 AM - 4:00 PM first name last name a@gmail.com 0123456789 Test4321 Please note that labels and bills of lading for custom orders are not available through the application. We will be reaching out to you with a carrier bill of lading to use with your shipment. If you have questions or would like to chat with a representative to discuss alternate options please contact our support team. Thanks again for choosing Freight Club and have a great day! Kind Regards, Customer Support 1-844-819-2187 info@freightclub.com <mailto:info@freightclub.com>] but found [== Custom Order has submitted a custom order quote request == == *Order Details:* * OrderID:*51540114 *Customer Name:* Custom Order | 8153 *Shipment Details:* Package TypeQuantityWeightDimensionsCategoryConditionDeclared ValueFreight ClassBox1251 lbs65x40x40 insSafe/VaultNew$100200Product170 lbs11x12x13 insSafe/VaultNew$40050Pallet1251 lbs65x40x40 insSafe/VaultNew$100200 *Shipment Information* Test Delivery Frequency Test Regulatory Details *Pick-up Details: * AutoCom90001 address line1, address line 2, LOS ANGELES, CA, 90001 9:00 AM - 4:00 PM first name last name a@gmail.com 0123456789* Drop-off Details: * AutoCom10011 address line 1, address line 2, NEW YORK, NY, 10011 9:00 AM - 4:00 PM first name last name a@gmail.com 0123456789 *Additional Information:* *Custom Order Details* [X] Driver required for loading & unloading [ ] Regulated items that require further inspection [ ] Prohibited or restricted items [ ] Dangerous or hazardous goods [ ] Requires refrigeration *Regulatory Details.* Test Regulatory Details == == Freight Club - Copyright 2019 ?© Freight Club 12020 Sunrise Valley Dr. # 100 Reston, Virginia, 20191 You are receiving this email because you are a customer of Freight Club Terms & Conditions <https://www.freightclub.com/terms-and-conditions>; | Privacy Policy <https://app.freightclub.com/Home/PrivacyPolicy>; ==]
	at org.testng.Assert.fail(Assert.java:94)
	at org.testng.Assert.failNotEquals(Assert.java:513)
	at org.testng.Assert.assertEqualsImpl(Assert.java:135)
	at org.testng.Assert.assertEquals(Assert.java:116)
	at org.testng.Assert.assertEquals(Assert.java:190)
	at org.testng.Assert.assertEquals(Assert.java:200)
	at com.qualitesoft.core.UseAssert.assertEquals(UseAssert.java:8)
	at com.qualitesoft.freightclub.testscripts.EmailVerification.verifyEmailBody(EmailVerification.java:23)
	at com.qualitesoft.freightclub.testscripts.EmailVerification.testEmailNotifications(EmailVerification.java:194)
	at sun.reflect.NativeMethodAccessorImpl.invoke0(Native Method)
	at sun.reflect.NativeMethodAccessorImpl.invoke(NativeMethodAccessorImpl.java:62)
	at sun.reflect.DelegatingMethodAccessorImpl.invoke(DelegatingMethodAccessorImpl.java:43)
	at java.lang.reflect.Method.invoke(Method.java:498)
	at org.testng.internal.MethodInvocationHelper.invokeMethod(MethodInvocationHelper.java:86)
	at org.testng.internal.Invoker.invokeMethod(Invoker.java:643)
	at org.testng.internal.Invoker.invokeTestMethod(Invoker.java:820)
	at org.testng.internal.Invoker.invokeTestMethods(Invoker.java:1128)
	at org.testng.internal.TestMethodWorker.invokeTestMethods(TestMethodWorker.java:129)
	at org.testng.internal.TestMethodWorker.run(TestMethodWorker.java:112)
	at org.testng.TestRunner.privateRun(TestRunner.java:782)
	at org.testng.TestRunner.run(TestRunner.java:632)
	at org.testng.SuiteRunner.runTest(SuiteRunner.java:366)
	at org.testng.SuiteRunner.runSequentially(SuiteRunner.java:361)
	at org.testng.SuiteRunner.privateRun(SuiteRunner.java:319)
	at org.testng.SuiteRunner.run(SuiteRunner.java:268)
	at org.testng.SuiteRunnerWorker.runSuite(SuiteRunnerWorker.java:52)
	at org.testng.SuiteRunnerWorker.run(SuiteRunnerWorker.java:86)
	at org.testng.TestNG.runSuitesSequentially(TestNG.java:1244)
	at org.testng.TestNG.runSuitesLocally(TestNG.java:1169)
	at org.testng.TestNG.run(TestNG.java:1064)
	at org.testng.remote.AbstractRemoteTestNG.run(AbstractRemoteTestNG.java:115)
	at org.testng.remote.RemoteTestNG.initAndRun(RemoteTestNG.java:251)
	at org.testng.remote.RemoteTestNG.main(RemoteTestNG.java:77)
]]>
    </failure>
  </testcase> <!-- testEmailNotifications -->
  <testcase name="testEmailNotifications" time="48.609" classname="com.qualitesoft.freightclub.testscripts.EmailVerification"/>
  <testcase name="testEmailNotifications" time="51.040" classname="com.qualitesoft.freightclub.testscripts.EmailVerification"/>
</testsuite> <!-- com.qualitesoft.freightclub.testscripts.EmailVerification -->
