<?xml version="1.0" encoding="UTF-8"?>
<!-- Generated by org.testng.reporters.JUnitReportReporter -->
<testsuite hostname="DESKTOP-852SFKL" name="com.qualitesoft.freightclub.testscripts.TestSignIn" tests="15" failures="0" timestamp="23 May 2022 07:22:48 GMT" time="305.736" errors="0">
  <testcase name="testSignIn" time="20.119" classname="com.qualitesoft.freightclub.testscripts.TestSignIn"/>
  <testcase name="testSignIn" time="17.979" classname="com.qualitesoft.freightclub.testscripts.TestSignIn"/>
  <testcase name="testSignIn" time="20.901" classname="com.qualitesoft.freightclub.testscripts.TestSignIn"/>
  <testcase name="testSignIn" time="26.144" classname="com.qualitesoft.freightclub.testscripts.TestSignIn"/>
  <testcase name="testSignIn" time="17.281" classname="com.qualitesoft.freightclub.testscripts.TestSignIn"/>
  <testcase name="testSignIn" time="16.703" classname="com.qualitesoft.freightclub.testscripts.TestSignIn"/>
  <testcase name="testSignIn" time="17.449" classname="com.qualitesoft.freightclub.testscripts.TestSignIn"/>
  <testcase name="testSignIn" time="17.413" classname="com.qualitesoft.freightclub.testscripts.TestSignIn"/>
  <testcase name="testSignIn" time="42.077" classname="com.qualitesoft.freightclub.testscripts.TestSignIn"/>
  <testcase name="testSignIn" time="16.669" classname="com.qualitesoft.freightclub.testscripts.TestSignIn"/>
  <testcase name="testSignIn" time="16.645" classname="com.qualitesoft.freightclub.testscripts.TestSignIn"/>
  <testcase name="testSignIn" time="17.798" classname="com.qualitesoft.freightclub.testscripts.TestSignIn"/>
  <testcase name="testSignIn" time="18.308" classname="com.qualitesoft.freightclub.testscripts.TestSignIn"/>
  <testcase name="testSignIn" time="22.598" classname="com.qualitesoft.freightclub.testscripts.TestSignIn"/>
  <testcase name="testSignIn" time="17.652" classname="com.qualitesoft.freightclub.testscripts.TestSignIn"/>
</testsuite> <!-- com.qualitesoft.freightclub.testscripts.TestSignIn -->
