<?xml version="1.0" encoding="UTF-8"?>
<!-- Generated by org.testng.reporters.JUnitReportReporter -->
<testsuite hostname="DESKTOP-852SFKL" name="com.qualitesoft.freightclub.testscripts.manageprofiles.TestEnableCustomOrder" tests="2" failures="0" timestamp="23 May 2022 07:22:48 GMT" time="24.941" errors="0">
  <testcase name="testEnableCustomOrder" time="12.484" classname="com.qualitesoft.freightclub.testscripts.manageprofiles.TestEnableCustomOrder"/>
  <testcase name="testEnableCustomOrder" time="12.457" classname="com.qualitesoft.freightclub.testscripts.manageprofiles.TestEnableCustomOrder"/>
</testsuite> <!-- com.qualitesoft.freightclub.testscripts.manageprofiles.TestEnableCustomOrder -->
