<?xml version="1.0" encoding="UTF-8"?>
<!-- Generated by org.testng.reporters.JUnitReportReporter -->
<testsuite hostname="DESKTOP-852SFKL" name="com.qualitesoft.freightclub.testscripts.manageproducts.TestUserIsAbleToCreateNonPalletizedSku" tests="5" failures="0" timestamp="23 May 2022 07:22:48 GMT" time="160.309" errors="0">
  <testcase name="testUserIsAbleToCreateNonPalletizedSku" time="30.758" classname="com.qualitesoft.freightclub.testscripts.manageproducts.TestUserIsAbleToCreateNonPalletizedSku"/>
  <testcase name="testUserIsAbleToCreateNonPalletizedSku" time="32.724" classname="com.qualitesoft.freightclub.testscripts.manageproducts.TestUserIsAbleToCreateNonPalletizedSku"/>
  <testcase name="testUserIsAbleToCreateNonPalletizedSku" time="30.937" classname="com.qualitesoft.freightclub.testscripts.manageproducts.TestUserIsAbleToCreateNonPalletizedSku"/>
  <testcase name="testUserIsAbleToCreateNonPalletizedSku" time="34.964" classname="com.qualitesoft.freightclub.testscripts.manageproducts.TestUserIsAbleToCreateNonPalletizedSku"/>
  <testcase name="testUserIsAbleToCreateNonPalletizedSku" time="30.926" classname="com.qualitesoft.freightclub.testscripts.manageproducts.TestUserIsAbleToCreateNonPalletizedSku"/>
</testsuite> <!-- com.qualitesoft.freightclub.testscripts.manageproducts.TestUserIsAbleToCreateNonPalletizedSku -->
