<?xml version="1.0" encoding="UTF-8"?>
<!-- Generated by org.testng.reporters.JUnitReportReporter -->
<testsuite hostname="DESKTOP-852SFKL" name="com.qualitesoft.freightclub.testscripts.customorders.TestSubmitCustomOrderAsUser" tests="4" failures="0" timestamp="23 May 2022 07:22:48 GMT" time="370.019" errors="0">
  <testcase name="testSubmitCustomOrderAsUser" time="87.833" classname="com.qualitesoft.freightclub.testscripts.customorders.TestSubmitCustomOrderAsUser"/>
  <testcase name="testSubmitCustomOrderAsUser" time="76.134" classname="com.qualitesoft.freightclub.testscripts.customorders.TestSubmitCustomOrderAsUser"/>
  <testcase name="testSubmitCustomOrderAsUser" time="76.463" classname="com.qualitesoft.freightclub.testscripts.customorders.TestSubmitCustomOrderAsUser"/>
  <testcase name="testSubmitCustomOrderAsUser" time="129.589" classname="com.qualitesoft.freightclub.testscripts.customorders.TestSubmitCustomOrderAsUser"/>
</testsuite> <!-- com.qualitesoft.freightclub.testscripts.customorders.TestSubmitCustomOrderAsUser -->
