<?xml version="1.0" encoding="UTF-8"?>
<!-- Generated by org.testng.reporters.JUnitReportReporter -->
<testsuite hostname="DESKTOP-852SFKL" name="com.qualitesoft.freightclub.testscripts.customorders.TestVerifyCustomOrderPopupWithMultilePackageType" tests="6" failures="0" timestamp="23 May 2022 07:22:48 GMT" time="72.576" errors="0">
  <testcase name="testVerifyCustomOrderPopupWithMultilePackageType" time="13.187" classname="com.qualitesoft.freightclub.testscripts.customorders.TestVerifyCustomOrderPopupWithMultilePackageType"/>
  <testcase name="testVerifyCustomOrderPopupWithMultilePackageType" time="13.236" classname="com.qualitesoft.freightclub.testscripts.customorders.TestVerifyCustomOrderPopupWithMultilePackageType"/>
  <testcase name="testVerifyCustomOrderPopupWithMultilePackageType" time="9.847" classname="com.qualitesoft.freightclub.testscripts.customorders.TestVerifyCustomOrderPopupWithMultilePackageType"/>
  <testcase name="testVerifyCustomOrderPopupWithMultilePackageType" time="13.264" classname="com.qualitesoft.freightclub.testscripts.customorders.TestVerifyCustomOrderPopupWithMultilePackageType"/>
  <testcase name="testVerifyCustomOrderPopupWithMultilePackageType" time="9.831" classname="com.qualitesoft.freightclub.testscripts.customorders.TestVerifyCustomOrderPopupWithMultilePackageType"/>
  <testcase name="testVerifyCustomOrderPopupWithMultilePackageType" time="13.211" classname="com.qualitesoft.freightclub.testscripts.customorders.TestVerifyCustomOrderPopupWithMultilePackageType"/>
</testsuite> <!-- com.qualitesoft.freightclub.testscripts.customorders.TestVerifyCustomOrderPopupWithMultilePackageType -->
