<?xml version="1.0" encoding="UTF-8"?>
<!-- Generated by org.testng.reporters.JUnitReportReporter -->
<testsuite hostname="DESKTOP-852SFKL" name="com.qualitesoft.freightclub.testscripts.TestLogOff" tests="15" failures="0" timestamp="23 May 2022 07:22:48 GMT" time="267.303" errors="0">
  <testcase name="testlogoff" time="17.405" classname="com.qualitesoft.freightclub.testscripts.TestLogOff"/>
  <testcase name="testlogoff" time="17.404" classname="com.qualitesoft.freightclub.testscripts.TestLogOff"/>
  <testcase name="testlogoff" time="17.432" classname="com.qualitesoft.freightclub.testscripts.TestLogOff"/>
  <testcase name="testlogoff" time="17.396" classname="com.qualitesoft.freightclub.testscripts.TestLogOff"/>
  <testcase name="testlogoff" time="17.402" classname="com.qualitesoft.freightclub.testscripts.TestLogOff"/>
  <testcase name="testlogoff" time="17.391" classname="com.qualitesoft.freightclub.testscripts.TestLogOff"/>
  <testcase name="testlogoff" time="17.453" classname="com.qualitesoft.freightclub.testscripts.TestLogOff"/>
  <testcase name="testlogoff" time="17.338" classname="com.qualitesoft.freightclub.testscripts.TestLogOff"/>
  <testcase name="testlogoff" time="17.384" classname="com.qualitesoft.freightclub.testscripts.TestLogOff"/>
  <testcase name="testlogoff" time="17.376" classname="com.qualitesoft.freightclub.testscripts.TestLogOff"/>
  <testcase name="testlogoff" time="17.446" classname="com.qualitesoft.freightclub.testscripts.TestLogOff"/>
  <testcase name="testlogoff" time="23.780" classname="com.qualitesoft.freightclub.testscripts.TestLogOff"/>
  <testcase name="testlogoff" time="17.373" classname="com.qualitesoft.freightclub.testscripts.TestLogOff"/>
  <testcase name="testlogoff" time="17.348" classname="com.qualitesoft.freightclub.testscripts.TestLogOff"/>
  <testcase name="testlogoff" time="17.375" classname="com.qualitesoft.freightclub.testscripts.TestLogOff"/>
</testsuite> <!-- com.qualitesoft.freightclub.testscripts.TestLogOff -->
