<?xml version="1.0" encoding="UTF-8"?>
<!-- Generated by org.testng.reporters.JUnitReportReporter -->
<testsuite hostname="DESKTOP-852SFKL" name="com.qualitesoft.freightclub.testscripts.customorders.TestVerifyCloneButtonFunctionalityCustomOrder" tests="1" failures="0" timestamp="23 May 2022 07:22:48 GMT" time="85.834" errors="0">
  <testcase name="testVerifyCloneButtonFunctionalityCustomOrder" time="85.834" classname="com.qualitesoft.freightclub.testscripts.customorders.TestVerifyCloneButtonFunctionalityCustomOrder"/>
</testsuite> <!-- com.qualitesoft.freightclub.testscripts.customorders.TestVerifyCloneButtonFunctionalityCustomOrder -->
