<?xml version="1.0" encoding="UTF-8"?>
<!-- Generated by org.testng.reporters.JUnitReportReporter -->
<testsuite hostname="DESKTOP-852SFKL" name="com.qualitesoft.freightclub.testscripts.manageprofiles.TestUserIsAbleToSearchProfile" tests="2" failures="0" timestamp="23 May 2022 07:22:48 GMT" time="77.797" errors="0">
  <testcase name="testUserIsAbleToSearchProfile" time="39.844" classname="com.qualitesoft.freightclub.testscripts.manageprofiles.TestUserIsAbleToSearchProfile"/>
  <testcase name="testUserIsAbleToSearchProfile" time="37.953" classname="com.qualitesoft.freightclub.testscripts.manageprofiles.TestUserIsAbleToSearchProfile"/>
</testsuite> <!-- com.qualitesoft.freightclub.testscripts.manageprofiles.TestUserIsAbleToSearchProfile -->
