<?xml version="1.0" encoding="UTF-8"?>
<!-- Generated by org.testng.reporters.JUnitReportReporter -->
<testsuite hostname="DESKTOP-852SFKL" name="com.qualitesoft.freightclub.testscripts.quickquote.TestEnterShipmentInformation" tests="8" failures="0" timestamp="23 May 2022 07:22:48 GMT" time="591.263" errors="0">
  <testcase name="testEnterShipmentInformation" time="75.514" classname="com.qualitesoft.freightclub.testscripts.quickquote.TestEnterShipmentInformation"/>
  <testcase name="testEnterShipmentInformation" time="73.980" classname="com.qualitesoft.freightclub.testscripts.quickquote.TestEnterShipmentInformation"/>
  <testcase name="testEnterShipmentInformation" time="84.764" classname="com.qualitesoft.freightclub.testscripts.quickquote.TestEnterShipmentInformation"/>
  <testcase name="testEnterShipmentInformation" time="83.307" classname="com.qualitesoft.freightclub.testscripts.quickquote.TestEnterShipmentInformation"/>
  <testcase name="testEnterShipmentInformation" time="67.638" classname="com.qualitesoft.freightclub.testscripts.quickquote.TestEnterShipmentInformation"/>
  <testcase name="testEnterShipmentInformation" time="68.426" classname="com.qualitesoft.freightclub.testscripts.quickquote.TestEnterShipmentInformation"/>
  <testcase name="testEnterShipmentInformation" time="69.251" classname="com.qualitesoft.freightclub.testscripts.quickquote.TestEnterShipmentInformation"/>
  <testcase name="testEnterShipmentInformation" time="68.383" classname="com.qualitesoft.freightclub.testscripts.quickquote.TestEnterShipmentInformation"/>
</testsuite> <!-- com.qualitesoft.freightclub.testscripts.quickquote.TestEnterShipmentInformation -->
