<?xml version="1.0" encoding="UTF-8"?>
<!-- Generated by org.testng.reporters.JUnitReportReporter -->
<testsuite hostname="DESKTOP-852SFKL" name="com.qualitesoft.freightclub.testscripts.customorders.TestBookCustomOrder" tests="3" failures="0" timestamp="23 May 2022 07:22:48 GMT" time="483.307" errors="0">
  <testcase name="testBookCustomOrder" time="170.930" classname="com.qualitesoft.freightclub.testscripts.customorders.TestBookCustomOrder"/>
  <testcase name="testBookCustomOrder" time="152.736" classname="com.qualitesoft.freightclub.testscripts.customorders.TestBookCustomOrder"/>
  <testcase name="testBookCustomOrder" time="159.641" classname="com.qualitesoft.freightclub.testscripts.customorders.TestBookCustomOrder"/>
</testsuite> <!-- com.qualitesoft.freightclub.testscripts.customorders.TestBookCustomOrder -->
