<?xml version="1.0" encoding="UTF-8"?>
<!-- Generated by org.testng.reporters.JUnitReportReporter -->
<testsuite hostname="DESKTOP-852SFKL" name="com.qualitesoft.freightclub.testscripts.manageprofiles.TestEnableCarrier" tests="1" failures="0" timestamp="23 May 2022 07:22:48 GMT" time="10.406" errors="0">
  <testcase name="testEnableCarrier" time="10.406" classname="com.qualitesoft.freightclub.testscripts.manageprofiles.TestEnableCarrier"/>
</testsuite> <!-- com.qualitesoft.freightclub.testscripts.manageprofiles.TestEnableCarrier -->
