<?xml version="1.0" encoding="UTF-8"?>
<!-- Generated by org.testng.reporters.JUnitReportReporter -->
<testsuite hostname="DESKTOP-852SFKL" name="com.qualitesoft.freightclub.testscripts.customorders.TestSubmitCustomQuoteAsAdmin" tests="3" failures="0" timestamp="23 May 2022 07:22:48 GMT" time="319.993" errors="0">
  <testcase name="testSubmitCustomQuoteAsAdmin" time="102.899" classname="com.qualitesoft.freightclub.testscripts.customorders.TestSubmitCustomQuoteAsAdmin"/>
  <testcase name="testSubmitCustomQuoteAsAdmin" time="106.436" classname="com.qualitesoft.freightclub.testscripts.customorders.TestSubmitCustomQuoteAsAdmin"/>
  <testcase name="testSubmitCustomQuoteAsAdmin" time="110.658" classname="com.qualitesoft.freightclub.testscripts.customorders.TestSubmitCustomQuoteAsAdmin"/>
</testsuite> <!-- com.qualitesoft.freightclub.testscripts.customorders.TestSubmitCustomQuoteAsAdmin -->
