<?xml version="1.0" encoding="UTF-8"?>
<!-- Generated by org.testng.reporters.JUnitReportReporter -->
<testsuite hostname="DESKTOP-852SFKL" name="com.qualitesoft.freightclub.testscripts.customorders.TestVerifyCustomOrderPopupWithWeight251" tests="6" failures="0" timestamp="23 May 2022 07:22:48 GMT" time="46.454" errors="0">
  <testcase name="testVerifyCustomOrderPopupWithWeight251" time="5.005" classname="com.qualitesoft.freightclub.testscripts.customorders.TestVerifyCustomOrderPopupWithWeight251"/>
  <testcase name="testVerifyCustomOrderPopupWithWeight251" time="9.093" classname="com.qualitesoft.freightclub.testscripts.customorders.TestVerifyCustomOrderPopupWithWeight251"/>
  <testcase name="testVerifyCustomOrderPopupWithWeight251" time="4.994" classname="com.qualitesoft.freightclub.testscripts.customorders.TestVerifyCustomOrderPopupWithWeight251"/>
  <testcase name="testVerifyCustomOrderPopupWithWeight251" time="9.170" classname="com.qualitesoft.freightclub.testscripts.customorders.TestVerifyCustomOrderPopupWithWeight251"/>
  <testcase name="testVerifyCustomOrderPopupWithWeight251" time="9.050" classname="com.qualitesoft.freightclub.testscripts.customorders.TestVerifyCustomOrderPopupWithWeight251"/>
  <testcase name="testVerifyCustomOrderPopupWithWeight251" time="9.142" classname="com.qualitesoft.freightclub.testscripts.customorders.TestVerifyCustomOrderPopupWithWeight251"/>
</testsuite> <!-- com.qualitesoft.freightclub.testscripts.customorders.TestVerifyCustomOrderPopupWithWeight251 -->
