<?xml version="1.0" encoding="UTF-8"?>
<!-- Generated by org.testng.reporters.JUnitReportReporter -->
<testsuite skipped="0" hostname="DESKTOP-H4389BG" name="com.qualitesoft.homesquare.testscripts.SignIn" tests="2" failures="0" timestamp="13 Jul 2021 09:01:26 GMT" time="9.155" errors="0">
  <testcase name="testSignIn" time="5.187" classname="com.qualitesoft.homesquare.testscripts.SignIn"/>
  <testcase name="testHomeSquareSignIn" time="3.968" classname="com.qualitesoft.homesquare.testscripts.SignIn"/>
</testsuite> <!-- com.qualitesoft.homesquare.testscripts.SignIn -->
