<?xml version="1.0" encoding="UTF-8"?>
<!-- Generated by org.testng.reporters.JUnitReportReporter -->
<testsuite skipped="37" hostname="DESKTOP-H4389BG" name="com.qualitesoft.freightclub.testscripts.TestLogOff" tests="37" failures="0" timestamp="05 Jul 2021 04:30:32 GMT" time="0.024" errors="0">
  <testcase name="testlogoff" time="0.000" classname="com.qualitesoft.freightclub.testscripts.TestLogOff">
    <skipped/>
  </testcase> <!-- testlogoff -->
  <testcase name="testlogoff" time="0.000" classname="com.qualitesoft.freightclub.testscripts.TestLogOff">
    <skipped/>
  </testcase> <!-- testlogoff -->
  <testcase name="testlogoff" time="0.000" classname="com.qualitesoft.freightclub.testscripts.TestLogOff">
    <skipped/>
  </testcase> <!-- testlogoff -->
  <testcase name="testlogoff" time="0.000" classname="com.qualitesoft.freightclub.testscripts.TestLogOff">
    <skipped/>
  </testcase> <!-- testlogoff -->
  <testcase name="testlogoff" time="0.000" classname="com.qualitesoft.freightclub.testscripts.TestLogOff">
    <skipped/>
  </testcase> <!-- testlogoff -->
  <testcase name="testlogoff" time="0.000" classname="com.qualitesoft.freightclub.testscripts.TestLogOff">
    <skipped/>
  </testcase> <!-- testlogoff -->
  <testcase name="testlogoff" time="0.000" classname="com.qualitesoft.freightclub.testscripts.TestLogOff">
    <skipped/>
  </testcase> <!-- testlogoff -->
  <testcase name="testlogoff" time="0.000" classname="com.qualitesoft.freightclub.testscripts.TestLogOff">
    <skipped/>
  </testcase> <!-- testlogoff -->
  <testcase name="testlogoff" time="0.000" classname="com.qualitesoft.freightclub.testscripts.TestLogOff">
    <skipped/>
  </testcase> <!-- testlogoff -->
  <testcase name="testlogoff" time="0.000" classname="com.qualitesoft.freightclub.testscripts.TestLogOff">
    <skipped/>
  </testcase> <!-- testlogoff -->
  <testcase name="testlogoff" time="0.000" classname="com.qualitesoft.freightclub.testscripts.TestLogOff">
    <skipped/>
  </testcase> <!-- testlogoff -->
  <testcase name="testlogoff" time="0.000" classname="com.qualitesoft.freightclub.testscripts.TestLogOff">
    <skipped/>
  </testcase> <!-- testlogoff -->
  <testcase name="testlogoff" time="0.000" classname="com.qualitesoft.freightclub.testscripts.TestLogOff">
    <skipped/>
  </testcase> <!-- testlogoff -->
  <testcase name="testlogoff" time="0.024" classname="com.qualitesoft.freightclub.testscripts.TestLogOff">
    <skipped/>
  </testcase> <!-- testlogoff -->
  <testcase name="testlogoff" time="0.000" classname="com.qualitesoft.freightclub.testscripts.TestLogOff">
    <skipped/>
  </testcase> <!-- testlogoff -->
  <testcase name="testlogoff" time="0.000" classname="com.qualitesoft.freightclub.testscripts.TestLogOff">
    <skipped/>
  </testcase> <!-- testlogoff -->
  <testcase name="testlogoff" time="0.000" classname="com.qualitesoft.freightclub.testscripts.TestLogOff">
    <skipped/>
  </testcase> <!-- testlogoff -->
  <testcase name="testlogoff" time="0.000" classname="com.qualitesoft.freightclub.testscripts.TestLogOff">
    <skipped/>
  </testcase> <!-- testlogoff -->
  <testcase name="testlogoff" time="0.000" classname="com.qualitesoft.freightclub.testscripts.TestLogOff">
    <skipped/>
  </testcase> <!-- testlogoff -->
  <testcase name="testlogoff" time="0.000" classname="com.qualitesoft.freightclub.testscripts.TestLogOff">
    <skipped/>
  </testcase> <!-- testlogoff -->
  <testcase name="testlogoff" time="0.000" classname="com.qualitesoft.freightclub.testscripts.TestLogOff">
    <skipped/>
  </testcase> <!-- testlogoff -->
  <testcase name="testlogoff" time="0.000" classname="com.qualitesoft.freightclub.testscripts.TestLogOff">
    <skipped/>
  </testcase> <!-- testlogoff -->
  <testcase name="testlogoff" time="0.000" classname="com.qualitesoft.freightclub.testscripts.TestLogOff">
    <skipped/>
  </testcase> <!-- testlogoff -->
  <testcase name="testlogoff" time="0.000" classname="com.qualitesoft.freightclub.testscripts.TestLogOff">
    <skipped/>
  </testcase> <!-- testlogoff -->
  <testcase name="testlogoff" time="0.000" classname="com.qualitesoft.freightclub.testscripts.TestLogOff">
    <skipped/>
  </testcase> <!-- testlogoff -->
  <testcase name="testlogoff" time="0.000" classname="com.qualitesoft.freightclub.testscripts.TestLogOff">
    <skipped/>
  </testcase> <!-- testlogoff -->
  <testcase name="testlogoff" time="0.000" classname="com.qualitesoft.freightclub.testscripts.TestLogOff">
    <skipped/>
  </testcase> <!-- testlogoff -->
  <testcase name="testlogoff" time="0.000" classname="com.qualitesoft.freightclub.testscripts.TestLogOff">
    <skipped/>
  </testcase> <!-- testlogoff -->
  <testcase name="testlogoff" time="0.000" classname="com.qualitesoft.freightclub.testscripts.TestLogOff">
    <skipped/>
  </testcase> <!-- testlogoff -->
  <testcase name="testlogoff" time="0.000" classname="com.qualitesoft.freightclub.testscripts.TestLogOff">
    <skipped/>
  </testcase> <!-- testlogoff -->
  <testcase name="testlogoff" time="0.000" classname="com.qualitesoft.freightclub.testscripts.TestLogOff">
    <skipped/>
  </testcase> <!-- testlogoff -->
  <testcase name="testlogoff" time="0.000" classname="com.qualitesoft.freightclub.testscripts.TestLogOff">
    <skipped/>
  </testcase> <!-- testlogoff -->
  <testcase name="testlogoff" time="0.000" classname="com.qualitesoft.freightclub.testscripts.TestLogOff">
    <skipped/>
  </testcase> <!-- testlogoff -->
  <testcase name="testlogoff" time="0.000" classname="com.qualitesoft.freightclub.testscripts.TestLogOff">
    <skipped/>
  </testcase> <!-- testlogoff -->
  <testcase name="testlogoff" time="0.000" classname="com.qualitesoft.freightclub.testscripts.TestLogOff">
    <skipped/>
  </testcase> <!-- testlogoff -->
  <testcase name="testlogoff" time="0.000" classname="com.qualitesoft.freightclub.testscripts.TestLogOff">
    <skipped/>
  </testcase> <!-- testlogoff -->
  <testcase name="testlogoff" time="0.000" classname="com.qualitesoft.freightclub.testscripts.TestLogOff">
    <skipped/>
  </testcase> <!-- testlogoff -->
</testsuite> <!-- com.qualitesoft.freightclub.testscripts.TestLogOff -->
