<?xml version="1.0" encoding="UTF-8"?>
<!-- Generated by org.testng.reporters.JUnitReportReporter -->
<testsuite skipped="0" hostname="DESKTOP-H4389BG" name="com.qualitesoft.homesquare.testscripts.TestHomeSquareSearchProduct" tests="5" failures="0" timestamp="13 Jul 2021 09:59:38 GMT" time="130.122" errors="0">
  <testcase name="testSearchProduct" time="30.506" classname="com.qualitesoft.homesquare.testscripts.TestHomeSquareSearchProduct"/>
  <testcase name="testSearchProduct" time="27.452" classname="com.qualitesoft.homesquare.testscripts.TestHomeSquareSearchProduct"/>
  <testcase name="testSearchProduct" time="19.545" classname="com.qualitesoft.homesquare.testscripts.TestHomeSquareSearchProduct"/>
  <testcase name="testSearchProduct" time="28.578" classname="com.qualitesoft.homesquare.testscripts.TestHomeSquareSearchProduct"/>
  <testcase name="testSearchProduct" time="24.041" classname="com.qualitesoft.homesquare.testscripts.TestHomeSquareSearchProduct"/>
</testsuite> <!-- com.qualitesoft.homesquare.testscripts.TestHomeSquareSearchProduct -->
