<?xml version="1.0" encoding="UTF-8"?>
<!-- Generated by org.testng.reporters.JUnitReportReporter -->
<testsuite skipped="7" hostname="DESKTOP-H4389BG" name="com.qualitesoft.freightclub.testscripts.TestReviewAndBook" tests="7" failures="0" timestamp="05 Jul 2021 04:30:32 GMT" time="0.000" errors="0">
  <testcase name="testReviewAndBook" time="0.000" classname="com.qualitesoft.freightclub.testscripts.TestReviewAndBook">
    <skipped/>
  </testcase> <!-- testReviewAndBook -->
  <testcase name="testReviewAndBook" time="0.000" classname="com.qualitesoft.freightclub.testscripts.TestReviewAndBook">
    <skipped/>
  </testcase> <!-- testReviewAndBook -->
  <testcase name="testReviewAndBook2" time="0.000" classname="com.qualitesoft.freightclub.testscripts.TestReviewAndBook">
    <skipped/>
  </testcase> <!-- testReviewAndBook2 -->
  <testcase name="testReviewAndBook" time="0.000" classname="com.qualitesoft.freightclub.testscripts.TestReviewAndBook">
    <skipped/>
  </testcase> <!-- testReviewAndBook -->
  <testcase name="testReviewAndBook2" time="0.000" classname="com.qualitesoft.freightclub.testscripts.TestReviewAndBook">
    <skipped/>
  </testcase> <!-- testReviewAndBook2 -->
  <testcase name="testReviewAndBook" time="0.000" classname="com.qualitesoft.freightclub.testscripts.TestReviewAndBook">
    <skipped/>
  </testcase> <!-- testReviewAndBook -->
  <testcase name="testReviewAndBookCustomOrder" time="0.000" classname="com.qualitesoft.freightclub.testscripts.TestReviewAndBook">
    <skipped/>
  </testcase> <!-- testReviewAndBookCustomOrder -->
</testsuite> <!-- com.qualitesoft.freightclub.testscripts.TestReviewAndBook -->
