<?xml version="1.0" encoding="UTF-8"?>
<!-- Generated by org.testng.reporters.JUnitReportReporter -->
<testsuite skipped="0" hostname="DESKTOP-H4389BG" name="com.qualitesoft.homesquare.testscripts.LogOff" tests="3" failures="0" timestamp="13 Jul 2021 09:01:26 GMT" time="33.607" errors="0">
  <testcase name="testLogOff" time="12.732" classname="com.qualitesoft.homesquare.testscripts.LogOff"/>
  <testcase name="testLogOff" time="10.848" classname="com.qualitesoft.homesquare.testscripts.LogOff"/>
  <testcase name="testLogOff" time="10.027" classname="com.qualitesoft.homesquare.testscripts.LogOff"/>
</testsuite> <!-- com.qualitesoft.homesquare.testscripts.LogOff -->
