<?xml version="1.0" encoding="UTF-8"?>
<!-- Generated by org.testng.reporters.JUnitReportReporter -->
<testsuite skipped="45" hostname="DESKTOP-H4389BG" name="com.qualitesoft.freightclub.testscripts.TestEnterShipmentInformation" tests="45" failures="0" timestamp="05 Jul 2021 04:30:32 GMT" time="0.000" errors="0">
  <testcase name="verifyCustomOrderPopupWithWeight251" time="0.000" classname="com.qualitesoft.freightclub.testscripts.TestEnterShipmentInformation">
    <skipped/>
  </testcase> <!-- verifyCustomOrderPopupWithWeight251 -->
  <testcase name="verifyCustomOrderPopupWithMultilePackageType" time="0.000" classname="com.qualitesoft.freightclub.testscripts.TestEnterShipmentInformation">
    <skipped/>
  </testcase> <!-- verifyCustomOrderPopupWithMultilePackageType -->
  <testcase name="testEnterShipmentInformation" time="0.000" classname="com.qualitesoft.freightclub.testscripts.TestEnterShipmentInformation">
    <skipped/>
  </testcase> <!-- testEnterShipmentInformation -->
  <testcase name="testEnterShipmentInformation" time="0.000" classname="com.qualitesoft.freightclub.testscripts.TestEnterShipmentInformation">
    <skipped/>
  </testcase> <!-- testEnterShipmentInformation -->
  <testcase name="looseCartoonPopup" time="0.000" classname="com.qualitesoft.freightclub.testscripts.TestEnterShipmentInformation">
    <skipped/>
  </testcase> <!-- looseCartoonPopup -->
  <testcase name="verifyCustomOrderPopupWithMultilePackageType" time="0.000" classname="com.qualitesoft.freightclub.testscripts.TestEnterShipmentInformation">
    <skipped/>
  </testcase> <!-- verifyCustomOrderPopupWithMultilePackageType -->
  <testcase name="testEnterShipmentInformation" time="0.000" classname="com.qualitesoft.freightclub.testscripts.TestEnterShipmentInformation">
    <skipped/>
  </testcase> <!-- testEnterShipmentInformation -->
  <testcase name="testVerifyRatesPage" time="0.000" classname="com.qualitesoft.freightclub.testscripts.TestEnterShipmentInformation">
    <skipped/>
  </testcase> <!-- testVerifyRatesPage -->
  <testcase name="testVerifyRatesPage" time="0.000" classname="com.qualitesoft.freightclub.testscripts.TestEnterShipmentInformation">
    <skipped/>
  </testcase> <!-- testVerifyRatesPage -->
  <testcase name="verifyCustomOrderPopupWithWeight251" time="0.000" classname="com.qualitesoft.freightclub.testscripts.TestEnterShipmentInformation">
    <skipped/>
  </testcase> <!-- verifyCustomOrderPopupWithWeight251 -->
  <testcase name="testEnterShipmentInformation" time="0.000" classname="com.qualitesoft.freightclub.testscripts.TestEnterShipmentInformation">
    <skipped/>
  </testcase> <!-- testEnterShipmentInformation -->
  <testcase name="testEnterShipmentInformation" time="0.000" classname="com.qualitesoft.freightclub.testscripts.TestEnterShipmentInformation">
    <skipped/>
  </testcase> <!-- testEnterShipmentInformation -->
  <testcase name="testVerifyRatesPage" time="0.000" classname="com.qualitesoft.freightclub.testscripts.TestEnterShipmentInformation">
    <skipped/>
  </testcase> <!-- testVerifyRatesPage -->
  <testcase name="submitCustomOrderQuoteLTL" time="0.000" classname="com.qualitesoft.freightclub.testscripts.TestEnterShipmentInformation">
    <skipped/>
  </testcase> <!-- submitCustomOrderQuoteLTL -->
  <testcase name="selectPalletizedPackageType" time="0.000" classname="com.qualitesoft.freightclub.testscripts.TestEnterShipmentInformation">
    <skipped/>
  </testcase> <!-- selectPalletizedPackageType -->
  <testcase name="testEnterShipmentInformation" time="0.000" classname="com.qualitesoft.freightclub.testscripts.TestEnterShipmentInformation">
    <skipped/>
  </testcase> <!-- testEnterShipmentInformation -->
  <testcase name="testVerifyRatesPage" time="0.000" classname="com.qualitesoft.freightclub.testscripts.TestEnterShipmentInformation">
    <skipped/>
  </testcase> <!-- testVerifyRatesPage -->
  <testcase name="testEnterShipmentInformation" time="0.000" classname="com.qualitesoft.freightclub.testscripts.TestEnterShipmentInformation">
    <skipped/>
  </testcase> <!-- testEnterShipmentInformation -->
  <testcase name="verifyCustomOrderPopupWithMultilePackageType" time="0.000" classname="com.qualitesoft.freightclub.testscripts.TestEnterShipmentInformation">
    <skipped/>
  </testcase> <!-- verifyCustomOrderPopupWithMultilePackageType -->
  <testcase name="verifyCustomOrderPopupWithMultilePackageType" time="0.000" classname="com.qualitesoft.freightclub.testscripts.TestEnterShipmentInformation">
    <skipped/>
  </testcase> <!-- verifyCustomOrderPopupWithMultilePackageType -->
  <testcase name="testEnterShipmentInformation" time="0.000" classname="com.qualitesoft.freightclub.testscripts.TestEnterShipmentInformation">
    <skipped/>
  </testcase> <!-- testEnterShipmentInformation -->
  <testcase name="testEnterShipmentInformation" time="0.000" classname="com.qualitesoft.freightclub.testscripts.TestEnterShipmentInformation">
    <skipped/>
  </testcase> <!-- testEnterShipmentInformation -->
  <testcase name="testEnterShipmentInformation" time="0.000" classname="com.qualitesoft.freightclub.testscripts.TestEnterShipmentInformation">
    <skipped/>
  </testcase> <!-- testEnterShipmentInformation -->
  <testcase name="testEnterShipmentInformation" time="0.000" classname="com.qualitesoft.freightclub.testscripts.TestEnterShipmentInformation">
    <skipped/>
  </testcase> <!-- testEnterShipmentInformation -->
  <testcase name="verifyCustomOrderPopupWithWeight251" time="0.000" classname="com.qualitesoft.freightclub.testscripts.TestEnterShipmentInformation">
    <skipped/>
  </testcase> <!-- verifyCustomOrderPopupWithWeight251 -->
  <testcase name="verifyCustomOrderPopupWithWeight251" time="0.000" classname="com.qualitesoft.freightclub.testscripts.TestEnterShipmentInformation">
    <skipped/>
  </testcase> <!-- verifyCustomOrderPopupWithWeight251 -->
  <testcase name="testVerifyRatesPage" time="0.000" classname="com.qualitesoft.freightclub.testscripts.TestEnterShipmentInformation">
    <skipped/>
  </testcase> <!-- testVerifyRatesPage -->
  <testcase name="testEnterShipmentInformation" time="0.000" classname="com.qualitesoft.freightclub.testscripts.TestEnterShipmentInformation">
    <skipped/>
  </testcase> <!-- testEnterShipmentInformation -->
  <testcase name="testVerifyRatesPage" time="0.000" classname="com.qualitesoft.freightclub.testscripts.TestEnterShipmentInformation">
    <skipped/>
  </testcase> <!-- testVerifyRatesPage -->
  <testcase name="verifyCustomOrderPopupWithWeight251" time="0.000" classname="com.qualitesoft.freightclub.testscripts.TestEnterShipmentInformation">
    <skipped/>
  </testcase> <!-- verifyCustomOrderPopupWithWeight251 -->
  <testcase name="verifyCustomOrderPopupWithMultilePackageType" time="0.000" classname="com.qualitesoft.freightclub.testscripts.TestEnterShipmentInformation">
    <skipped/>
  </testcase> <!-- verifyCustomOrderPopupWithMultilePackageType -->
  <testcase name="testEnterShipmentInformation" time="0.000" classname="com.qualitesoft.freightclub.testscripts.TestEnterShipmentInformation">
    <skipped/>
  </testcase> <!-- testEnterShipmentInformation -->
  <testcase name="testEnterShipmentInformation" time="0.000" classname="com.qualitesoft.freightclub.testscripts.TestEnterShipmentInformation">
    <skipped/>
  </testcase> <!-- testEnterShipmentInformation -->
  <testcase name="testEnterShipmentInformation" time="0.000" classname="com.qualitesoft.freightclub.testscripts.TestEnterShipmentInformation">
    <skipped/>
  </testcase> <!-- testEnterShipmentInformation -->
  <testcase name="validateCustomerOrderRequiredFields" time="0.000" classname="com.qualitesoft.freightclub.testscripts.TestEnterShipmentInformation">
    <skipped/>
  </testcase> <!-- validateCustomerOrderRequiredFields -->
  <testcase name="testEnterShipmentInformation" time="0.000" classname="com.qualitesoft.freightclub.testscripts.TestEnterShipmentInformation">
    <skipped/>
  </testcase> <!-- testEnterShipmentInformation -->
  <testcase name="verifyCustomOrderPopupWithWeight251" time="0.000" classname="com.qualitesoft.freightclub.testscripts.TestEnterShipmentInformation">
    <skipped/>
  </testcase> <!-- verifyCustomOrderPopupWithWeight251 -->
  <testcase name="customOrderPopupPresent" time="0.000" classname="com.qualitesoft.freightclub.testscripts.TestEnterShipmentInformation">
    <skipped/>
  </testcase> <!-- customOrderPopupPresent -->
  <testcase name="testEnterShipmentInformation" time="0.000" classname="com.qualitesoft.freightclub.testscripts.TestEnterShipmentInformation">
    <skipped/>
  </testcase> <!-- testEnterShipmentInformation -->
  <testcase name="testEnterShipmentInformation" time="0.000" classname="com.qualitesoft.freightclub.testscripts.TestEnterShipmentInformation">
    <skipped/>
  </testcase> <!-- testEnterShipmentInformation -->
  <testcase name="selectAddedProductPackageType" time="0.000" classname="com.qualitesoft.freightclub.testscripts.TestEnterShipmentInformation">
    <skipped/>
  </testcase> <!-- selectAddedProductPackageType -->
  <testcase name="selectAddedProductPackageType" time="0.000" classname="com.qualitesoft.freightclub.testscripts.TestEnterShipmentInformation">
    <skipped/>
  </testcase> <!-- selectAddedProductPackageType -->
  <testcase name="verifyCustomOrderPopupWithMultilePackageType" time="0.000" classname="com.qualitesoft.freightclub.testscripts.TestEnterShipmentInformation">
    <skipped/>
  </testcase> <!-- verifyCustomOrderPopupWithMultilePackageType -->
  <testcase name="looseCartoonPopup" time="0.000" classname="com.qualitesoft.freightclub.testscripts.TestEnterShipmentInformation">
    <skipped/>
  </testcase> <!-- looseCartoonPopup -->
  <testcase name="testEnterShipmentInformation" time="0.000" classname="com.qualitesoft.freightclub.testscripts.TestEnterShipmentInformation">
    <skipped/>
  </testcase> <!-- testEnterShipmentInformation -->
</testsuite> <!-- com.qualitesoft.freightclub.testscripts.TestEnterShipmentInformation -->
