<?xml version="1.0" encoding="UTF-8"?>
<!-- Generated by org.testng.reporters.JUnitReportReporter -->
<testsuite skipped="0" hostname="DESKTOP-H4389BG" name="com.qualitesoft.homesquare.testscripts.PaymentInformation" tests="2" failures="0" timestamp="13 Jul 2021 09:59:38 GMT" time="10.564" errors="0">
  <testcase name="testPaymentInformation" time="5.759" classname="com.qualitesoft.homesquare.testscripts.PaymentInformation"/>
  <testcase name="testPaymentInformation" time="4.805" classname="com.qualitesoft.homesquare.testscripts.PaymentInformation"/>
</testsuite> <!-- com.qualitesoft.homesquare.testscripts.PaymentInformation -->
