<?xml version="1.0" encoding="UTF-8"?>
<!-- Generated by org.testng.reporters.JUnitReportReporter -->
<testsuite skipped="0" hostname="DESKTOP-H4389BG" name="com.qualitesoft.homesquare.testscripts.TestHomeSquareProductListingRefinement" tests="1" failures="0" timestamp="08 Jul 2021 07:13:53 GMT" time="93.314" errors="0">
  <testcase name="testProductListingRefinement" time="93.314" classname="com.qualitesoft.homesquare.testscripts.TestHomeSquareProductListingRefinement"/>
</testsuite> <!-- com.qualitesoft.homesquare.testscripts.TestHomeSquareProductListingRefinement -->
