<?xml version="1.0" encoding="UTF-8"?>
<!-- Generated by org.testng.reporters.JUnitReportReporter -->
<testsuite skipped="0" hostname="DESKTOP-H4389BG" name="com.qualitesoft.homesquare.testscripts.PaymentInformation" tests="4" failures="0" timestamp="08 Jul 2021 07:13:53 GMT" time="210.866" errors="0">
  <testcase name="testPaypal" time="157.405" classname="com.qualitesoft.homesquare.testscripts.PaymentInformation"/>
  <testcase name="testPurchaseOrder" time="44.600" classname="com.qualitesoft.homesquare.testscripts.PaymentInformation"/>
  <testcase name="testPaymentInformation" time="4.246" classname="com.qualitesoft.homesquare.testscripts.PaymentInformation"/>
  <testcase name="testPaymentInformation" time="4.615" classname="com.qualitesoft.homesquare.testscripts.PaymentInformation"/>
</testsuite> <!-- com.qualitesoft.homesquare.testscripts.PaymentInformation -->
