<?xml version="1.0" encoding="UTF-8"?>
<!-- Generated by org.testng.reporters.JUnitReportReporter -->
<testsuite skipped="8" hostname="DESKTOP-H4389BG" name="com.qualitesoft.freightclub.testscripts.TestManageOrders" tests="8" failures="0" timestamp="05 Jul 2021 04:30:32 GMT" time="0.000" errors="0">
  <testcase name="testVerifyAppointmentFlagUnderBOLPdf" time="0.000" classname="com.qualitesoft.freightclub.testscripts.TestManageOrders">
    <skipped/>
  </testcase> <!-- testVerifyAppointmentFlagUnderBOLPdf -->
  <testcase name="testVerifyAppointmentFlagUnderBOLPdf" time="0.000" classname="com.qualitesoft.freightclub.testscripts.TestManageOrders">
    <skipped/>
  </testcase> <!-- testVerifyAppointmentFlagUnderBOLPdf -->
  <testcase name="verifyCloneButtonFunctionality" time="0.000" classname="com.qualitesoft.freightclub.testscripts.TestManageOrders">
    <skipped/>
  </testcase> <!-- verifyCloneButtonFunctionality -->
  <testcase name="testRequestCancellationAndCloneOrReQuoteButton1" time="0.000" classname="com.qualitesoft.freightclub.testscripts.TestManageOrders">
    <skipped/>
  </testcase> <!-- testRequestCancellationAndCloneOrReQuoteButton1 -->
  <testcase name="testVerifyAppointmentFlagUnderBOLPdf" time="0.000" classname="com.qualitesoft.freightclub.testscripts.TestManageOrders">
    <skipped/>
  </testcase> <!-- testVerifyAppointmentFlagUnderBOLPdf -->
  <testcase name="testRequestCancellationAndCloneOrReQuoteButton" time="0.000" classname="com.qualitesoft.freightclub.testscripts.TestManageOrders">
    <skipped/>
  </testcase> <!-- testRequestCancellationAndCloneOrReQuoteButton -->
  <testcase name="testRequestCancellationAndCloneOrReQuoteButton1" time="0.000" classname="com.qualitesoft.freightclub.testscripts.TestManageOrders">
    <skipped/>
  </testcase> <!-- testRequestCancellationAndCloneOrReQuoteButton1 -->
  <testcase name="testVerifyAppointmentFlagUnderBOLPdf" time="0.000" classname="com.qualitesoft.freightclub.testscripts.TestManageOrders">
    <skipped/>
  </testcase> <!-- testVerifyAppointmentFlagUnderBOLPdf -->
</testsuite> <!-- com.qualitesoft.freightclub.testscripts.TestManageOrders -->
