<?xml version="1.0" encoding="UTF-8"?>
<!-- Generated by org.testng.reporters.JUnitReportReporter -->
<testsuite skipped="4" hostname="DESKTOP-H4389BG" name="com.qualitesoft.freightclub.testscripts.TestProfileManagement" tests="4" failures="0" timestamp="05 Jul 2021 04:30:32 GMT" time="0.000" errors="0">
  <testcase name="testDisableCustomOrder" time="0.000" classname="com.qualitesoft.freightclub.testscripts.TestProfileManagement">
    <skipped/>
  </testcase> <!-- testDisableCustomOrder -->
  <testcase name="testEnabletCarriers" time="0.000" classname="com.qualitesoft.freightclub.testscripts.TestProfileManagement">
    <skipped/>
  </testcase> <!-- testEnabletCarriers -->
  <testcase name="testEnableCustomOrder" time="0.000" classname="com.qualitesoft.freightclub.testscripts.TestProfileManagement">
    <skipped/>
  </testcase> <!-- testEnableCustomOrder -->
  <testcase name="testEnableCustomOrder" time="0.000" classname="com.qualitesoft.freightclub.testscripts.TestProfileManagement">
    <skipped/>
  </testcase> <!-- testEnableCustomOrder -->
</testsuite> <!-- com.qualitesoft.freightclub.testscripts.TestProfileManagement -->
