<?xml version="1.0" encoding="UTF-8"?>
<!-- Generated by org.testng.reporters.JUnitReportReporter -->
<testsuite skipped="0" hostname="DESKTOP-H4389BG" name="com.qualitesoft.homesquare.testscripts.SignIn" tests="2" failures="0" timestamp="08 Jul 2021 07:13:53 GMT" time="4.640" errors="0">
  <testcase name="testSignIn" time="0.048" classname="com.qualitesoft.homesquare.testscripts.SignIn"/>
  <testcase name="testHomeSquareSignIn" time="4.592" classname="com.qualitesoft.homesquare.testscripts.SignIn"/>
</testsuite> <!-- com.qualitesoft.homesquare.testscripts.SignIn -->
