<?xml version="1.0" encoding="UTF-8"?>
<!-- Generated by org.testng.reporters.JUnitReportReporter -->
<testsuite skipped="0" hostname="DESKTOP-H4389BG" name="com.qualitesoft.bush.testscripts.AmazonOrderConfirmation" tests="1" failures="0" timestamp="06 Jul 2021 07:06:49 GMT" time="108.404" errors="0">
  <testcase name="testOrderConfirmation" time="108.404" classname="com.qualitesoft.bush.testscripts.AmazonOrderConfirmation"/>
</testsuite> <!-- com.qualitesoft.bush.testscripts.AmazonOrderConfirmation -->
