<?xml version="1.0" encoding="UTF-8"?>
<!-- Generated by org.testng.reporters.JUnitReportReporter -->
<testsuite skipped="0" hostname="DESKTOP-H4389BG" name="com.qualitesoft.homesquare.testscripts.AmazonOrderConfirmation" tests="2" failures="0" timestamp="08 Jul 2021 07:13:53 GMT" time="75.617" errors="0">
  <testcase name="testOrderConfirmation" time="38.627" classname="com.qualitesoft.homesquare.testscripts.AmazonOrderConfirmation"/>
  <testcase name="testOrderConfirmation" time="36.990" classname="com.qualitesoft.homesquare.testscripts.AmazonOrderConfirmation"/>
</testsuite> <!-- com.qualitesoft.homesquare.testscripts.AmazonOrderConfirmation -->
