<?xml version="1.0" encoding="UTF-8"?>
<!-- Generated by org.testng.reporters.JUnitReportReporter -->
<testsuite skipped="14" hostname="DESKTOP-H4389BG" name="com.qualitesoft.freightclub.testscripts.TestSelectCarrier" tests="14" failures="0" timestamp="05 Jul 2021 04:30:32 GMT" time="0.000" errors="0">
  <testcase name="testFCTestCarriersNotVisible" time="0.000" classname="com.qualitesoft.freightclub.testscripts.TestSelectCarrier">
    <skipped/>
  </testcase> <!-- testFCTestCarriersNotVisible -->
  <testcase name="testFCTestCarriersVisible" time="0.000" classname="com.qualitesoft.freightclub.testscripts.TestSelectCarrier">
    <skipped/>
  </testcase> <!-- testFCTestCarriersVisible -->
  <testcase name="testFCTestCarriersVisible" time="0.000" classname="com.qualitesoft.freightclub.testscripts.TestSelectCarrier">
    <skipped/>
  </testcase> <!-- testFCTestCarriersVisible -->
  <testcase name="testFCTestCarriersNotVisible" time="0.000" classname="com.qualitesoft.freightclub.testscripts.TestSelectCarrier">
    <skipped/>
  </testcase> <!-- testFCTestCarriersNotVisible -->
  <testcase name="testFCTestCarriersVisible" time="0.000" classname="com.qualitesoft.freightclub.testscripts.TestSelectCarrier">
    <skipped/>
  </testcase> <!-- testFCTestCarriersVisible -->
  <testcase name="testVerifySelectedCarriers" time="0.000" classname="com.qualitesoft.freightclub.testscripts.TestSelectCarrier">
    <skipped/>
  </testcase> <!-- testVerifySelectedCarriers -->
  <testcase name="testVerifySelectedCarriers" time="0.000" classname="com.qualitesoft.freightclub.testscripts.TestSelectCarrier">
    <skipped/>
  </testcase> <!-- testVerifySelectedCarriers -->
  <testcase name="testVerifySelectedCarriers" time="0.000" classname="com.qualitesoft.freightclub.testscripts.TestSelectCarrier">
    <skipped/>
  </testcase> <!-- testVerifySelectedCarriers -->
  <testcase name="testVerifySelectedCarriers" time="0.000" classname="com.qualitesoft.freightclub.testscripts.TestSelectCarrier">
    <skipped/>
  </testcase> <!-- testVerifySelectedCarriers -->
  <testcase name="testVerifySelectedCarriers" time="0.000" classname="com.qualitesoft.freightclub.testscripts.TestSelectCarrier">
    <skipped/>
  </testcase> <!-- testVerifySelectedCarriers -->
  <testcase name="testVerifySelectedCarriers" time="0.000" classname="com.qualitesoft.freightclub.testscripts.TestSelectCarrier">
    <skipped/>
  </testcase> <!-- testVerifySelectedCarriers -->
  <testcase name="testVerifySelectedCarriers" time="0.000" classname="com.qualitesoft.freightclub.testscripts.TestSelectCarrier">
    <skipped/>
  </testcase> <!-- testVerifySelectedCarriers -->
  <testcase name="testFCTestCarriersVisible" time="0.000" classname="com.qualitesoft.freightclub.testscripts.TestSelectCarrier">
    <skipped/>
  </testcase> <!-- testFCTestCarriersVisible -->
  <testcase name="testVerifySelectedCarriers" time="0.000" classname="com.qualitesoft.freightclub.testscripts.TestSelectCarrier">
    <skipped/>
  </testcase> <!-- testVerifySelectedCarriers -->
</testsuite> <!-- com.qualitesoft.freightclub.testscripts.TestSelectCarrier -->
