<?xml version="1.0" encoding="UTF-8"?>
<!-- Generated by org.testng.reporters.JUnitReportReporter -->
<testsuite skipped="0" hostname="DESKTOP-H4389BG" name="com.qualitesoft.homesquare.testscripts.OrderConfirmation" tests="2" failures="0" timestamp="13 Jul 2021 09:01:26 GMT" time="107.079" errors="0">
  <testcase name="testOrderConfirmation" time="54.135" classname="com.qualitesoft.homesquare.testscripts.OrderConfirmation"/>
  <testcase name="testOrderConfirmation" time="52.944" classname="com.qualitesoft.homesquare.testscripts.OrderConfirmation"/>
</testsuite> <!-- com.qualitesoft.homesquare.testscripts.OrderConfirmation -->
