<?xml version="1.0" encoding="UTF-8"?>
<!-- Generated by org.testng.reporters.JUnitReportReporter -->
<testsuite skipped="0" hostname="DESKTOP-H4389BG" name="com.qualitesoft.homesquare.testscripts.TestHomeSquareEnhancedCartPLA" tests="1" failures="0" timestamp="13 Jul 2021 10:08:09 GMT" time="96.959" errors="0">
  <testcase name="testEnhancedCartPLA" time="96.959" classname="com.qualitesoft.homesquare.testscripts.TestHomeSquareEnhancedCartPLA"/>
</testsuite> <!-- com.qualitesoft.homesquare.testscripts.TestHomeSquareEnhancedCartPLA -->
