<?xml version="1.0" encoding="UTF-8"?>
<!-- Generated by org.testng.reporters.JUnitReportReporter -->
<testsuite skipped="0" hostname="DESKTOP-H4389BG" name="com.qualitesoft.homesquare.testscripts.TestApplyCouponCode" tests="5" failures="0" timestamp="08 Jul 2021 07:13:53 GMT" time="203.180" errors="0">
  <testcase name="testShippingInformation" time="46.520" classname="com.qualitesoft.homesquare.testscripts.TestApplyCouponCode"/>
  <testcase name="testApplyCouponCode" time="80.387" classname="com.qualitesoft.homesquare.testscripts.TestApplyCouponCode"/>
  <testcase name="testSignIn" time="0.204" classname="com.qualitesoft.homesquare.testscripts.TestApplyCouponCode"/>
  <testcase name="testOrderConfirmation" time="67.494" classname="com.qualitesoft.homesquare.testscripts.TestApplyCouponCode"/>
  <testcase name="testCartPages" time="8.575" classname="com.qualitesoft.homesquare.testscripts.TestApplyCouponCode"/>
</testsuite> <!-- com.qualitesoft.homesquare.testscripts.TestApplyCouponCode -->
