<?xml version="1.0" encoding="UTF-8"?>
<!-- Generated by org.testng.reporters.JUnitReportReporter -->
<testsuite skipped="0" hostname="DESKTOP-H4389BG" name="com.qualitesoft.homesquare.testscripts.AmazonLogin" tests="2" failures="0" timestamp="13 Jul 2021 09:59:38 GMT" time="113.076" errors="0">
  <testcase name="testAmazonLoginOnCartPage" time="50.921" classname="com.qualitesoft.homesquare.testscripts.AmazonLogin"/>
  <testcase name="testAmazonLoginAsGuest" time="62.155" classname="com.qualitesoft.homesquare.testscripts.AmazonLogin"/>
</testsuite> <!-- com.qualitesoft.homesquare.testscripts.AmazonLogin -->
