<?xml version="1.0" encoding="UTF-8"?>
<!-- Generated by org.testng.reporters.JUnitReportReporter -->
<testsuite skipped="0" hostname="DESKTOP-H4389BG" name="com.qualitesoft.homesquare.testscripts.LogOff" tests="3" failures="0" timestamp="08 Jul 2021 07:13:53 GMT" time="36.567" errors="0">
  <testcase name="testLogOff" time="11.522" classname="com.qualitesoft.homesquare.testscripts.LogOff"/>
  <testcase name="testLogOff" time="11.842" classname="com.qualitesoft.homesquare.testscripts.LogOff"/>
  <testcase name="testLogOff" time="13.203" classname="com.qualitesoft.homesquare.testscripts.LogOff"/>
</testsuite> <!-- com.qualitesoft.homesquare.testscripts.LogOff -->
