<?xml version="1.0" encoding="UTF-8"?>
<!-- Generated by org.testng.reporters.JUnitReportReporter -->
<testsuite skipped="0" hostname="DESKTOP-H4389BG" name="com.qualitesoft.homesquare.testscripts.AddToCart" tests="3" failures="0" timestamp="13 Jul 2021 09:59:37 GMT" time="283.740" errors="0">
  <testcase name="addToCart" time="158.313" classname="com.qualitesoft.homesquare.testscripts.AddToCart"/>
  <testcase name="paidShipping" time="7.674" classname="com.qualitesoft.homesquare.testscripts.AddToCart"/>
  <testcase name="addToCart" time="117.753" classname="com.qualitesoft.homesquare.testscripts.AddToCart"/>
</testsuite> <!-- com.qualitesoft.homesquare.testscripts.AddToCart -->
