<?xml version="1.0" encoding="UTF-8"?>
<!-- Generated by org.testng.reporters.JUnitReportReporter -->
<testsuite skipped="0" hostname="DESKTOP-H4389BG" name="com.qualitesoft.homesquare.testscripts.TestHomeSquareAddItemsToCart" tests="1" failures="0" timestamp="13 Jul 2021 10:08:09 GMT" time="135.521" errors="0">
  <testcase name="testAddItemsToCart" time="135.521" classname="com.qualitesoft.homesquare.testscripts.TestHomeSquareAddItemsToCart"/>
</testsuite> <!-- com.qualitesoft.homesquare.testscripts.TestHomeSquareAddItemsToCart -->
