<?xml version="1.0" encoding="UTF-8"?>
<!-- Generated by org.testng.reporters.JUnitReportReporter -->
<testsuite skipped="0" hostname="DESKTOP-H4389BG" name="com.qualitesoft.cymax.testscripts.SignIn" tests="1" failures="0" timestamp="06 Jul 2021 07:10:08 GMT" time="0.278" errors="0">
  <testcase name="testHomeSquareSignIn" time="0.278" classname="com.qualitesoft.cymax.testscripts.SignIn"/>
</testsuite> <!-- com.qualitesoft.cymax.testscripts.SignIn -->
