<?xml version="1.0" encoding="UTF-8"?>
<!-- Generated by org.testng.reporters.JUnitReportReporter -->
<testsuite skipped="0" hostname="DESKTOP-H4389BG" name="com.qualitesoft.homesquare.testscripts.TestHomeSquareShippingInfo" tests="1" failures="0" timestamp="13 Jul 2021 09:59:38 GMT" time="41.235" errors="0">
  <testcase name="testCreateNewAccount" time="41.235" classname="com.qualitesoft.homesquare.testscripts.TestHomeSquareShippingInfo"/>
</testsuite> <!-- com.qualitesoft.homesquare.testscripts.TestHomeSquareShippingInfo -->
