<?xml version="1.0" encoding="UTF-8"?>
<!-- Generated by org.testng.reporters.JUnitReportReporter -->
<testsuite skipped="0" hostname="DESKTOP-H4389BG" name="com.qualitesoft.homesquare.testscripts.ShippingInformation" tests="2" failures="0" timestamp="13 Jul 2021 09:01:26 GMT" time="82.928" errors="0">
  <testcase name="testShippingInformation" time="38.172" classname="com.qualitesoft.homesquare.testscripts.ShippingInformation"/>
  <testcase name="testShippingInformation" time="44.756" classname="com.qualitesoft.homesquare.testscripts.ShippingInformation"/>
</testsuite> <!-- com.qualitesoft.homesquare.testscripts.ShippingInformation -->
