<?xml version="1.0" encoding="UTF-8"?>
<!-- Generated by org.testng.reporters.JUnitReportReporter -->
<testsuite skipped="0" hostname="DESKTOP-H4389BG" name="com.qualitesoft.homesquare.testscripts.ShippingInformation" tests="2" failures="0" timestamp="08 Jul 2021 07:13:53 GMT" time="78.466" errors="0">
  <testcase name="testShippingInformation" time="36.908" classname="com.qualitesoft.homesquare.testscripts.ShippingInformation"/>
  <testcase name="testShippingInformation" time="41.558" classname="com.qualitesoft.homesquare.testscripts.ShippingInformation"/>
</testsuite> <!-- com.qualitesoft.homesquare.testscripts.ShippingInformation -->
