<?xml version="1.0" encoding="UTF-8"?>
<!-- Generated by org.testng.reporters.JUnitReportReporter -->
<testsuite skipped="8" hostname="DESKTOP-H4389BG" name="com.qualitesoft.freightclub.testscripts.TestCloneOrders" tests="8" failures="0" timestamp="05 Jul 2021 04:30:32 GMT" time="0.000" errors="0">
  <testcase name="testCloneOrders" time="0.000" classname="com.qualitesoft.freightclub.testscripts.TestCloneOrders">
    <skipped/>
  </testcase> <!-- testCloneOrders -->
  <testcase name="testCloneOrders" time="0.000" classname="com.qualitesoft.freightclub.testscripts.TestCloneOrders">
    <skipped/>
  </testcase> <!-- testCloneOrders -->
  <testcase name="testCloneOrders" time="0.000" classname="com.qualitesoft.freightclub.testscripts.TestCloneOrders">
    <skipped/>
  </testcase> <!-- testCloneOrders -->
  <testcase name="testCloneOrders" time="0.000" classname="com.qualitesoft.freightclub.testscripts.TestCloneOrders">
    <skipped/>
  </testcase> <!-- testCloneOrders -->
  <testcase name="testCloneOrders" time="0.000" classname="com.qualitesoft.freightclub.testscripts.TestCloneOrders">
    <skipped/>
  </testcase> <!-- testCloneOrders -->
  <testcase name="testCloneOrders" time="0.000" classname="com.qualitesoft.freightclub.testscripts.TestCloneOrders">
    <skipped/>
  </testcase> <!-- testCloneOrders -->
  <testcase name="testCloneOrders" time="0.000" classname="com.qualitesoft.freightclub.testscripts.TestCloneOrders">
    <skipped/>
  </testcase> <!-- testCloneOrders -->
  <testcase name="testCloneOrders" time="0.000" classname="com.qualitesoft.freightclub.testscripts.TestCloneOrders">
    <skipped/>
  </testcase> <!-- testCloneOrders -->
</testsuite> <!-- com.qualitesoft.freightclub.testscripts.TestCloneOrders -->
