<?xml version="1.0" encoding="UTF-8"?>
<!-- Generated by org.testng.reporters.JUnitReportReporter -->
<testsuite skipped="0" hostname="DESKTOP-H4389BG" name="com.qualitesoft.homesquare.testscripts.TestHomeSquareSearchProduct" tests="5" failures="0" timestamp="08 Jul 2021 07:13:53 GMT" time="132.303" errors="0">
  <testcase name="testSearchProduct" time="29.336" classname="com.qualitesoft.homesquare.testscripts.TestHomeSquareSearchProduct"/>
  <testcase name="testSearchProduct" time="21.685" classname="com.qualitesoft.homesquare.testscripts.TestHomeSquareSearchProduct"/>
  <testcase name="testSearchProduct" time="30.020" classname="com.qualitesoft.homesquare.testscripts.TestHomeSquareSearchProduct"/>
  <testcase name="testSearchProduct" time="20.976" classname="com.qualitesoft.homesquare.testscripts.TestHomeSquareSearchProduct"/>
  <testcase name="testSearchProduct" time="30.286" classname="com.qualitesoft.homesquare.testscripts.TestHomeSquareSearchProduct"/>
</testsuite> <!-- com.qualitesoft.homesquare.testscripts.TestHomeSquareSearchProduct -->
