<?xml version="1.0" encoding="UTF-8"?>
<!-- Generated by org.testng.reporters.JUnitReportReporter -->
<testsuite skipped="4" hostname="DESKTOP-H4389BG" name="com.qualitesoft.freightclub.testscripts.TestOrderDetails" tests="4" failures="0" timestamp="05 Jul 2021 04:30:32 GMT" time="0.000" errors="0">
  <testcase name="testBasicThreshold" time="0.000" classname="com.qualitesoft.freightclub.testscripts.TestOrderDetails">
    <skipped/>
  </testcase> <!-- testBasicThreshold -->
  <testcase name="testBasicThreshold" time="0.000" classname="com.qualitesoft.freightclub.testscripts.TestOrderDetails">
    <skipped/>
  </testcase> <!-- testBasicThreshold -->
  <testcase name="testBasicThreshold" time="0.000" classname="com.qualitesoft.freightclub.testscripts.TestOrderDetails">
    <skipped/>
  </testcase> <!-- testBasicThreshold -->
  <testcase name="testBasicThreshold" time="0.000" classname="com.qualitesoft.freightclub.testscripts.TestOrderDetails">
    <skipped/>
  </testcase> <!-- testBasicThreshold -->
</testsuite> <!-- com.qualitesoft.freightclub.testscripts.TestOrderDetails -->
