<?xml version="1.0" encoding="UTF-8"?>
<!-- Generated by org.testng.reporters.JUnitReportReporter -->
<testsuite skipped="11" hostname="DESKTOP-H4389BG" name="com.qualitesoft.freightclub.testscripts.TestBillofLading" tests="11" failures="0" timestamp="05 Jul 2021 04:30:32 GMT" time="0.000" errors="0">
  <testcase name="testBillofLading" time="0.000" classname="com.qualitesoft.freightclub.testscripts.TestBillofLading">
    <skipped/>
  </testcase> <!-- testBillofLading -->
  <testcase name="testBillofLading" time="0.000" classname="com.qualitesoft.freightclub.testscripts.TestBillofLading">
    <skipped/>
  </testcase> <!-- testBillofLading -->
  <testcase name="testBillofLading" time="0.000" classname="com.qualitesoft.freightclub.testscripts.TestBillofLading">
    <skipped/>
  </testcase> <!-- testBillofLading -->
  <testcase name="testBillofLading" time="0.000" classname="com.qualitesoft.freightclub.testscripts.TestBillofLading">
    <skipped/>
  </testcase> <!-- testBillofLading -->
  <testcase name="testBillofLading" time="0.000" classname="com.qualitesoft.freightclub.testscripts.TestBillofLading">
    <skipped/>
  </testcase> <!-- testBillofLading -->
  <testcase name="testBillofLading" time="0.000" classname="com.qualitesoft.freightclub.testscripts.TestBillofLading">
    <skipped/>
  </testcase> <!-- testBillofLading -->
  <testcase name="testBillofLading" time="0.000" classname="com.qualitesoft.freightclub.testscripts.TestBillofLading">
    <skipped/>
  </testcase> <!-- testBillofLading -->
  <testcase name="testBillofLading" time="0.000" classname="com.qualitesoft.freightclub.testscripts.TestBillofLading">
    <skipped/>
  </testcase> <!-- testBillofLading -->
  <testcase name="testBillofLading" time="0.000" classname="com.qualitesoft.freightclub.testscripts.TestBillofLading">
    <skipped/>
  </testcase> <!-- testBillofLading -->
  <testcase name="testBillofLading" time="0.000" classname="com.qualitesoft.freightclub.testscripts.TestBillofLading">
    <skipped/>
  </testcase> <!-- testBillofLading -->
  <testcase name="testBillofLading" time="0.000" classname="com.qualitesoft.freightclub.testscripts.TestBillofLading">
    <skipped/>
  </testcase> <!-- testBillofLading -->
</testsuite> <!-- com.qualitesoft.freightclub.testscripts.TestBillofLading -->
