<?xml version="1.0" encoding="UTF-8"?>
<!-- Generated by org.testng.reporters.JUnitReportReporter -->
<testsuite skipped="0" hostname="DESKTOP-H4389BG" name="com.qualitesoft.homesquare.testscripts.AddToCart" tests="3" failures="0" timestamp="08 Jul 2021 07:13:53 GMT" time="142.768" errors="0">
  <testcase name="paidShipping" time="6.348" classname="com.qualitesoft.homesquare.testscripts.AddToCart"/>
  <testcase name="addToCart" time="69.537" classname="com.qualitesoft.homesquare.testscripts.AddToCart"/>
  <testcase name="addToCart" time="66.883" classname="com.qualitesoft.homesquare.testscripts.AddToCart"/>
</testsuite> <!-- com.qualitesoft.homesquare.testscripts.AddToCart -->
