<?xml version="1.0" encoding="UTF-8"?>
<!-- Generated by org.testng.reporters.JUnitReportReporter -->
<testsuite skipped="0" hostname="DESKTOP-H4389BG" name="com.qualitesoft.homesquare.testscripts.TestApplyCouponCode" tests="5" failures="0" timestamp="13 Jul 2021 09:01:26 GMT" time="333.441" errors="0">
  <testcase name="testShippingInformation" time="47.514" classname="com.qualitesoft.homesquare.testscripts.TestApplyCouponCode"/>
  <testcase name="testApplyCouponCode" time="211.385" classname="com.qualitesoft.homesquare.testscripts.TestApplyCouponCode"/>
  <testcase name="testSignIn" time="0.054" classname="com.qualitesoft.homesquare.testscripts.TestApplyCouponCode"/>
  <testcase name="testOrderConfirmation" time="67.254" classname="com.qualitesoft.homesquare.testscripts.TestApplyCouponCode"/>
  <testcase name="testCartPages" time="7.234" classname="com.qualitesoft.homesquare.testscripts.TestApplyCouponCode"/>
</testsuite> <!-- com.qualitesoft.homesquare.testscripts.TestApplyCouponCode -->
