<?xml version="1.0" encoding="UTF-8"?>
<!-- Generated by org.testng.reporters.JUnitReportReporter -->
<testsuite skipped="0" hostname="DESKTOP-H4389BG" name="com.qualitesoft.homesquare.testscripts.TestHomeSquareCreateNewAccount" tests="3" failures="0" timestamp="08 Jul 2021 07:13:53 GMT" time="53.161" errors="0">
  <testcase name="testshippinginfo" time="18.088" classname="com.qualitesoft.homesquare.testscripts.TestHomeSquareCreateNewAccount"/>
  <testcase name="testshippinginfo" time="14.920" classname="com.qualitesoft.homesquare.testscripts.TestHomeSquareCreateNewAccount"/>
  <testcase name="testshippinginfo" time="20.153" classname="com.qualitesoft.homesquare.testscripts.TestHomeSquareCreateNewAccount"/>
</testsuite> <!-- com.qualitesoft.homesquare.testscripts.TestHomeSquareCreateNewAccount -->
