<?xml version="1.0" encoding="UTF-8"?>
<!-- Generated by org.testng.reporters.JUnitReportReporter -->
<testsuite skipped="0" hostname="DESKTOP-H4389BG" name="com.qualitesoft.homesquare.testscripts.AmazonLogin" tests="2" failures="0" timestamp="08 Jul 2021 07:13:53 GMT" time="124.695" errors="0">
  <testcase name="testAmazonLoginAsGuest" time="39.053" classname="com.qualitesoft.homesquare.testscripts.AmazonLogin"/>
  <testcase name="testAmazonLoginOnCartPage" time="85.642" classname="com.qualitesoft.homesquare.testscripts.AmazonLogin"/>
</testsuite> <!-- com.qualitesoft.homesquare.testscripts.AmazonLogin -->
