<?xml version="1.0" encoding="UTF-8"?>
<!-- Generated by org.testng.reporters.JUnitReportReporter -->
<testsuite skipped="0" hostname="DESKTOP-H4389BG" name="com.qualitesoft.homesquare.testscripts.EmailVerification" tests="1" failures="0" timestamp="13 Jul 2021 09:01:26 GMT" time="0.001" errors="0">
  <testcase name="testEmailVerification" time="0.001" classname="com.qualitesoft.homesquare.testscripts.EmailVerification"/>
</testsuite> <!-- com.qualitesoft.homesquare.testscripts.EmailVerification -->
