<?xml version="1.0" encoding="UTF-8"?>
<!-- Generated by org.testng.reporters.JUnitReportReporter -->
<testsuite skipped="2" hostname="DESKTOP-H4389BG" name="com.qualitesoft.freightclub.testscripts.TestSubmitCustomQuote1" tests="2" failures="0" timestamp="05 Jul 2021 04:30:32 GMT" time="0.000" errors="0">
  <testcase name="testSubmitCustomQuote" time="0.000" classname="com.qualitesoft.freightclub.testscripts.TestSubmitCustomQuote1">
    <skipped/>
  </testcase> <!-- testSubmitCustomQuote -->
  <testcase name="testSubmitCustomQuote" time="0.000" classname="com.qualitesoft.freightclub.testscripts.TestSubmitCustomQuote1">
    <skipped/>
  </testcase> <!-- testSubmitCustomQuote -->
</testsuite> <!-- com.qualitesoft.freightclub.testscripts.TestSubmitCustomQuote1 -->
