<?xml version="1.0" encoding="UTF-8"?>
<!-- Generated by org.testng.reporters.JUnitReportReporter -->
<testsuite skipped="0" hostname="DESKTOP-H4389BG" name="com.qualitesoft.homesquare.testscripts.AmazonOrderConfirmation" tests="2" failures="0" timestamp="13 Jul 2021 09:59:38 GMT" time="82.485" errors="0">
  <testcase name="testOrderConfirmation" time="41.169" classname="com.qualitesoft.homesquare.testscripts.AmazonOrderConfirmation"/>
  <testcase name="testOrderConfirmation" time="41.316" classname="com.qualitesoft.homesquare.testscripts.AmazonOrderConfirmation"/>
</testsuite> <!-- com.qualitesoft.homesquare.testscripts.AmazonOrderConfirmation -->
