<?xml version="1.0" encoding="UTF-8"?>
<!-- Generated by org.testng.reporters.JUnitReportReporter -->
<testsuite skipped="0" hostname="DESKTOP-H4389BG" name="com.qualitesoft.homesquare.testscripts.OrderConfirmation" tests="2" failures="0" timestamp="08 Jul 2021 07:13:53 GMT" time="107.312" errors="0">
  <testcase name="testOrderConfirmation" time="52.703" classname="com.qualitesoft.homesquare.testscripts.OrderConfirmation"/>
  <testcase name="testOrderConfirmation" time="54.609" classname="com.qualitesoft.homesquare.testscripts.OrderConfirmation"/>
</testsuite> <!-- com.qualitesoft.homesquare.testscripts.OrderConfirmation -->
