<?xml version="1.0" encoding="UTF-8"?>
<!-- Generated by org.testng.reporters.JUnitReportReporter -->
<testsuite skipped="0" hostname="DESKTOP-H4389BG" name="com.qualitesoft.cymax.testscripts.EmailVerification" tests="1" failures="0" timestamp="05 Jul 2021 06:28:20 GMT" time="0.003" errors="0">
  <testcase name="testEmailVerification" time="0.003" classname="com.qualitesoft.cymax.testscripts.EmailVerification"/>
</testsuite> <!-- com.qualitesoft.cymax.testscripts.EmailVerification -->
